 INFO 2017-10-04 09:24:44,707 org.springframework.test.context.support.DefaultTestContextBootstrapper - Loaded default TestExecutionListener class names from location [META-INF/spring.factories]: [org.springframework.test.context.web.ServletTestExecutionListener, org.springframework.test.context.support.DirtiesContextBeforeModesTestExecutionListener, org.springframework.test.context.support.DependencyInjectionTestExecutionListener, org.springframework.test.context.support.DirtiesContextTestExecutionListener, org.springframework.test.context.transaction.TransactionalTestExecutionListener, org.springframework.test.context.jdbc.SqlScriptsTestExecutionListener, org.springframework.boot.test.mock.mockito.MockitoTestExecutionListener, org.springframework.boot.test.mock.mockito.ResetMocksTestExecutionListener]
 INFO 2017-10-04 09:24:44,825 org.springframework.test.context.support.DefaultTestContextBootstrapper - Using TestExecutionListeners: [org.springframework.test.context.web.ServletTestExecutionListener@71c8becc, org.springframework.test.context.support.DirtiesContextBeforeModesTestExecutionListener@19d37183, org.springframework.test.context.support.DependencyInjectionTestExecutionListener@1a0dcaa, org.springframework.test.context.support.DirtiesContextTestExecutionListener@3bd40a57, org.springframework.test.context.transaction.TransactionalTestExecutionListener@fdefd3f, org.springframework.test.context.jdbc.SqlScriptsTestExecutionListener@d83da2e, org.springframework.boot.test.mock.mockito.MockitoTestExecutionListener@a4102b8, org.springframework.boot.test.mock.mockito.ResetMocksTestExecutionListener@11dc3715]
 INFO 2017-10-04 09:24:44,870 org.springframework.test.context.support.DefaultTestContextBootstrapper - Loaded default TestExecutionListener class names from location [META-INF/spring.factories]: [org.springframework.test.context.web.ServletTestExecutionListener, org.springframework.test.context.support.DirtiesContextBeforeModesTestExecutionListener, org.springframework.test.context.support.DependencyInjectionTestExecutionListener, org.springframework.test.context.support.DirtiesContextTestExecutionListener, org.springframework.test.context.transaction.TransactionalTestExecutionListener, org.springframework.test.context.jdbc.SqlScriptsTestExecutionListener, org.springframework.boot.test.mock.mockito.MockitoTestExecutionListener, org.springframework.boot.test.mock.mockito.ResetMocksTestExecutionListener]
 INFO 2017-10-04 09:24:44,872 org.springframework.test.context.support.DefaultTestContextBootstrapper - Using TestExecutionListeners: [org.springframework.test.context.web.ServletTestExecutionListener@7f1302d6, org.springframework.test.context.support.DirtiesContextBeforeModesTestExecutionListener@43ee72e6, org.springframework.test.context.support.DependencyInjectionTestExecutionListener@23529fee, org.springframework.test.context.support.DirtiesContextTestExecutionListener@4fe767f3, org.springframework.test.context.transaction.TransactionalTestExecutionListener@2805c96b, org.springframework.test.context.jdbc.SqlScriptsTestExecutionListener@184cf7cf, org.springframework.boot.test.mock.mockito.MockitoTestExecutionListener@2fd6b6c7, org.springframework.boot.test.mock.mockito.ResetMocksTestExecutionListener@5bfa9431]
 INFO 2017-10-04 09:24:45,133 org.springframework.beans.factory.xml.XmlBeanDefinitionReader - Loading XML bean definitions from class path resource [webapp/app-context.xml]
 INFO 2017-10-04 09:24:47,156 org.springframework.context.support.GenericApplicationContext - Refreshing org.springframework.context.support.GenericApplicationContext@1677d1: startup date [Wed Oct 04 09:24:47 EEST 2017]; root of context hierarchy
 INFO 2017-10-04 09:24:49,659 org.springframework.context.support.GenericApplicationContext - Closing org.springframework.context.support.GenericApplicationContext@1677d1: startup date [Wed Oct 04 09:24:47 EEST 2017]; root of context hierarchy
 INFO 2017-10-04 09:32:33,709 org.springframework.test.context.support.DefaultTestContextBootstrapper - Loaded default TestExecutionListener class names from location [META-INF/spring.factories]: [org.springframework.test.context.web.ServletTestExecutionListener, org.springframework.test.context.support.DirtiesContextBeforeModesTestExecutionListener, org.springframework.test.context.support.DependencyInjectionTestExecutionListener, org.springframework.test.context.support.DirtiesContextTestExecutionListener, org.springframework.test.context.transaction.TransactionalTestExecutionListener, org.springframework.test.context.jdbc.SqlScriptsTestExecutionListener, org.springframework.boot.test.mock.mockito.MockitoTestExecutionListener, org.springframework.boot.test.mock.mockito.ResetMocksTestExecutionListener]
 INFO 2017-10-04 09:32:33,798 org.springframework.test.context.support.DefaultTestContextBootstrapper - Using TestExecutionListeners: [org.springframework.test.context.web.ServletTestExecutionListener@71c8becc, org.springframework.test.context.support.DirtiesContextBeforeModesTestExecutionListener@19d37183, org.springframework.test.context.support.DependencyInjectionTestExecutionListener@1a0dcaa, org.springframework.test.context.support.DirtiesContextTestExecutionListener@3bd40a57, org.springframework.test.context.transaction.TransactionalTestExecutionListener@fdefd3f, org.springframework.test.context.jdbc.SqlScriptsTestExecutionListener@d83da2e, org.springframework.boot.test.mock.mockito.MockitoTestExecutionListener@a4102b8, org.springframework.boot.test.mock.mockito.ResetMocksTestExecutionListener@11dc3715]
 INFO 2017-10-04 09:32:33,854 org.springframework.test.context.support.DefaultTestContextBootstrapper - Loaded default TestExecutionListener class names from location [META-INF/spring.factories]: [org.springframework.test.context.web.ServletTestExecutionListener, org.springframework.test.context.support.DirtiesContextBeforeModesTestExecutionListener, org.springframework.test.context.support.DependencyInjectionTestExecutionListener, org.springframework.test.context.support.DirtiesContextTestExecutionListener, org.springframework.test.context.transaction.TransactionalTestExecutionListener, org.springframework.test.context.jdbc.SqlScriptsTestExecutionListener, org.springframework.boot.test.mock.mockito.MockitoTestExecutionListener, org.springframework.boot.test.mock.mockito.ResetMocksTestExecutionListener]
 INFO 2017-10-04 09:32:33,856 org.springframework.test.context.support.DefaultTestContextBootstrapper - Using TestExecutionListeners: [org.springframework.test.context.web.ServletTestExecutionListener@7f1302d6, org.springframework.test.context.support.DirtiesContextBeforeModesTestExecutionListener@43ee72e6, org.springframework.test.context.support.DependencyInjectionTestExecutionListener@23529fee, org.springframework.test.context.support.DirtiesContextTestExecutionListener@4fe767f3, org.springframework.test.context.transaction.TransactionalTestExecutionListener@2805c96b, org.springframework.test.context.jdbc.SqlScriptsTestExecutionListener@184cf7cf, org.springframework.boot.test.mock.mockito.MockitoTestExecutionListener@2fd6b6c7, org.springframework.boot.test.mock.mockito.ResetMocksTestExecutionListener@5bfa9431]
 INFO 2017-10-04 09:32:34,032 org.springframework.beans.factory.xml.XmlBeanDefinitionReader - Loading XML bean definitions from class path resource [webapp/app-context.xml]
 INFO 2017-10-04 09:32:34,769 org.springframework.context.support.GenericApplicationContext - Refreshing org.springframework.context.support.GenericApplicationContext@1677d1: startup date [Wed Oct 04 09:32:34 EEST 2017]; root of context hierarchy
 INFO 2017-10-04 09:32:38,136 org.springframework.context.support.GenericApplicationContext - Closing org.springframework.context.support.GenericApplicationContext@1677d1: startup date [Wed Oct 04 09:32:34 EEST 2017]; root of context hierarchy
 INFO 2017-10-04 09:34:31,983 org.springframework.test.context.support.DefaultTestContextBootstrapper - Loaded default TestExecutionListener class names from location [META-INF/spring.factories]: [org.springframework.test.context.web.ServletTestExecutionListener, org.springframework.test.context.support.DirtiesContextBeforeModesTestExecutionListener, org.springframework.test.context.support.DependencyInjectionTestExecutionListener, org.springframework.test.context.support.DirtiesContextTestExecutionListener, org.springframework.test.context.transaction.TransactionalTestExecutionListener, org.springframework.test.context.jdbc.SqlScriptsTestExecutionListener, org.springframework.boot.test.mock.mockito.MockitoTestExecutionListener, org.springframework.boot.test.mock.mockito.ResetMocksTestExecutionListener]
 INFO 2017-10-04 09:34:32,027 org.springframework.test.context.support.DefaultTestContextBootstrapper - Using TestExecutionListeners: [org.springframework.test.context.web.ServletTestExecutionListener@6591f517, org.springframework.test.context.support.DirtiesContextBeforeModesTestExecutionListener@345965f2, org.springframework.test.context.support.DependencyInjectionTestExecutionListener@429bd883, org.springframework.test.context.support.DirtiesContextTestExecutionListener@4d49af10, org.springframework.test.context.transaction.TransactionalTestExecutionListener@279ad2e3, org.springframework.test.context.jdbc.SqlScriptsTestExecutionListener@58134517, org.springframework.boot.test.mock.mockito.ResetMocksTestExecutionListener@4450d156, org.springframework.boot.test.mock.mockito.MockitoTestExecutionListener@4461c7e3]
 INFO 2017-10-04 09:34:32,318 org.springframework.beans.factory.xml.XmlBeanDefinitionReader - Loading XML bean definitions from class path resource [webapp/app-context.xml]
 INFO 2017-10-04 09:34:33,003 org.springframework.context.support.GenericApplicationContext - Refreshing org.springframework.context.support.GenericApplicationContext@780cb77: startup date [Wed Oct 04 09:34:32 EEST 2017]; root of context hierarchy
 INFO 2017-10-04 09:34:35,159 org.springframework.context.support.GenericApplicationContext - Closing org.springframework.context.support.GenericApplicationContext@780cb77: startup date [Wed Oct 04 09:34:32 EEST 2017]; root of context hierarchy
 INFO 2017-10-04 09:36:15,763 org.springframework.test.context.support.DefaultTestContextBootstrapper - Loaded default TestExecutionListener class names from location [META-INF/spring.factories]: [org.springframework.test.context.web.ServletTestExecutionListener, org.springframework.test.context.support.DirtiesContextBeforeModesTestExecutionListener, org.springframework.test.context.support.DependencyInjectionTestExecutionListener, org.springframework.test.context.support.DirtiesContextTestExecutionListener, org.springframework.test.context.transaction.TransactionalTestExecutionListener, org.springframework.test.context.jdbc.SqlScriptsTestExecutionListener, org.springframework.boot.test.mock.mockito.MockitoTestExecutionListener, org.springframework.boot.test.mock.mockito.ResetMocksTestExecutionListener]
 INFO 2017-10-04 09:36:15,846 org.springframework.test.context.support.DefaultTestContextBootstrapper - Using TestExecutionListeners: [org.springframework.test.context.web.ServletTestExecutionListener@71c8becc, org.springframework.test.context.support.DirtiesContextBeforeModesTestExecutionListener@19d37183, org.springframework.test.context.support.DependencyInjectionTestExecutionListener@1a0dcaa, org.springframework.test.context.support.DirtiesContextTestExecutionListener@3bd40a57, org.springframework.test.context.transaction.TransactionalTestExecutionListener@fdefd3f, org.springframework.test.context.jdbc.SqlScriptsTestExecutionListener@d83da2e, org.springframework.boot.test.mock.mockito.MockitoTestExecutionListener@a4102b8, org.springframework.boot.test.mock.mockito.ResetMocksTestExecutionListener@11dc3715]
 INFO 2017-10-04 09:36:15,924 org.springframework.test.context.support.DefaultTestContextBootstrapper - Loaded default TestExecutionListener class names from location [META-INF/spring.factories]: [org.springframework.test.context.web.ServletTestExecutionListener, org.springframework.test.context.support.DirtiesContextBeforeModesTestExecutionListener, org.springframework.test.context.support.DependencyInjectionTestExecutionListener, org.springframework.test.context.support.DirtiesContextTestExecutionListener, org.springframework.test.context.transaction.TransactionalTestExecutionListener, org.springframework.test.context.jdbc.SqlScriptsTestExecutionListener, org.springframework.boot.test.mock.mockito.MockitoTestExecutionListener, org.springframework.boot.test.mock.mockito.ResetMocksTestExecutionListener]
 INFO 2017-10-04 09:36:15,926 org.springframework.test.context.support.DefaultTestContextBootstrapper - Using TestExecutionListeners: [org.springframework.test.context.web.ServletTestExecutionListener@7f1302d6, org.springframework.test.context.support.DirtiesContextBeforeModesTestExecutionListener@43ee72e6, org.springframework.test.context.support.DependencyInjectionTestExecutionListener@23529fee, org.springframework.test.context.support.DirtiesContextTestExecutionListener@4fe767f3, org.springframework.test.context.transaction.TransactionalTestExecutionListener@2805c96b, org.springframework.test.context.jdbc.SqlScriptsTestExecutionListener@184cf7cf, org.springframework.boot.test.mock.mockito.MockitoTestExecutionListener@2fd6b6c7, org.springframework.boot.test.mock.mockito.ResetMocksTestExecutionListener@5bfa9431]
 INFO 2017-10-04 09:36:16,058 org.springframework.beans.factory.xml.XmlBeanDefinitionReader - Loading XML bean definitions from class path resource [webapp/app-context.xml]
 INFO 2017-10-04 09:36:16,658 org.springframework.context.support.GenericApplicationContext - Refreshing org.springframework.context.support.GenericApplicationContext@1677d1: startup date [Wed Oct 04 09:36:16 EEST 2017]; root of context hierarchy
 INFO 2017-10-04 09:36:19,111 org.springframework.context.support.GenericApplicationContext - Closing org.springframework.context.support.GenericApplicationContext@1677d1: startup date [Wed Oct 04 09:36:16 EEST 2017]; root of context hierarchy
 INFO 2017-10-04 10:10:22,051 org.springframework.context.support.ClassPathXmlApplicationContext - Refreshing org.springframework.context.support.ClassPathXmlApplicationContext@29ca901e: startup date [Wed Oct 04 10:10:22 EEST 2017]; root of context hierarchy
 INFO 2017-10-04 10:10:22,182 org.springframework.beans.factory.xml.XmlBeanDefinitionReader - Loading XML bean definitions from class path resource [webapp/app-context.xml]
 INFO 2017-10-04 10:10:24,797 org.eclipse.jetty.util.log - Logging initialized @4017ms
 INFO 2017-10-04 10:10:24,897 com.mpsdevelopment.finance.JettyServer - Creating a folder data/tmp/webapp
 INFO 2017-10-04 10:10:24,900 com.mpsdevelopment.finance.JettyServer - Creating a folder gclogs
 INFO 2017-10-04 10:10:25,166 com.mpsdevelopment.finance.JettyServer - Max content size will be changed from -1 to 500000000
 INFO 2017-10-04 10:10:25,279 org.eclipse.jetty.server.Server - jetty-9.3.13.v20161014
 INFO 2017-10-04 10:10:26,021                  / - Initializing Spring FrameworkServlet 'rest'
 INFO 2017-10-04 10:10:26,022 org.springframework.web.servlet.DispatcherServlet - FrameworkServlet 'rest': initialization started
 INFO 2017-10-04 10:10:26,030 org.springframework.web.context.support.XmlWebApplicationContext - Refreshing WebApplicationContext for namespace 'rest-servlet': startup date [Wed Oct 04 10:10:26 EEST 2017]; parent: org.springframework.context.support.ClassPathXmlApplicationContext@29ca901e
 INFO 2017-10-04 10:10:26,032 org.springframework.beans.factory.xml.XmlBeanDefinitionReader - Loading XML bean definitions from ServletContext resource [/server-context.xml]
 INFO 2017-10-04 10:10:26,174 org.springframework.beans.factory.support.DefaultListableBeanFactory - Overriding bean definition for bean 'csvParserController' with a different definition: replacing [Generic bean: class [com.mpsdevelopment.finance.controller.CsvParserController]; scope=singleton; abstract=false; lazyInit=false; autowireMode=0; dependencyCheck=0; autowireCandidate=true; primary=false; factoryBeanName=null; factoryMethodName=null; initMethodName=null; destroyMethodName=null; defined in file [D:\workspace\MPS\finance\finance-server\target\classes\com\mpsdevelopment\finance\controller\CsvParserController.class]] with [Generic bean: class [com.mpsdevelopment.finance.controller.CsvParserController]; scope=; abstract=false; lazyInit=false; autowireMode=0; dependencyCheck=0; autowireCandidate=true; primary=false; factoryBeanName=null; factoryMethodName=null; initMethodName=null; destroyMethodName=null; defined in ServletContext resource [/server-context.xml]]
 INFO 2017-10-04 10:10:26,238 org.springframework.beans.factory.support.DefaultListableBeanFactory - Overriding bean definition for bean 'mvcConfig' with a different definition: replacing [Generic bean: class [com.mpsdevelopment.finance.config.MvcConfig]; scope=singleton; abstract=false; lazyInit=false; autowireMode=0; dependencyCheck=0; autowireCandidate=true; primary=false; factoryBeanName=null; factoryMethodName=null; initMethodName=null; destroyMethodName=null; defined in file [D:\workspace\MPS\finance\finance-server\target\classes\com\mpsdevelopment\finance\config\MvcConfig.class]] with [Generic bean: class [com.mpsdevelopment.finance.config.MvcConfig]; scope=; abstract=false; lazyInit=false; autowireMode=0; dependencyCheck=0; autowireCandidate=true; primary=false; factoryBeanName=null; factoryMethodName=null; initMethodName=null; destroyMethodName=null; defined in ServletContext resource [/server-context.xml]]
 INFO 2017-10-04 10:10:27,673 org.springframework.web.servlet.mvc.method.annotation.RequestMappingHandlerMapping - Mapped "{[/csv-parser/bytes],methods=[POST],consumes=[multipart/form-data],produces=[multipart/form-data]}" onto public org.springframework.http.ResponseEntity<byte[]> com.mpsdevelopment.finance.controller.CsvParserController.parseBytes(byte[])
 INFO 2017-10-04 10:10:27,675 org.springframework.web.servlet.mvc.method.annotation.RequestMappingHandlerMapping - Mapped "{[/csv-parser/file],methods=[POST],consumes=[multipart/form-data],produces=[multipart/form-data]}" onto public org.springframework.http.ResponseEntity<java.io.File> com.mpsdevelopment.finance.controller.CsvParserController.parseFile(java.io.File)
 INFO 2017-10-04 10:10:27,676 org.springframework.web.servlet.mvc.method.annotation.RequestMappingHandlerMapping - Mapped "{[/csv-parser/string],methods=[POST],consumes=[text/plain],produces=[text/plain]}" onto public org.springframework.http.ResponseEntity<java.lang.String> com.mpsdevelopment.finance.controller.CsvParserController.parseString(java.lang.String)
 INFO 2017-10-04 10:10:27,677 org.springframework.web.servlet.mvc.method.annotation.RequestMappingHandlerMapping - Mapped "{[/csv-parser/stream],methods=[POST],consumes=[text/plain],produces=[multipart/form-data]}" onto public org.springframework.http.ResponseEntity<byte[]> com.mpsdevelopment.finance.controller.CsvParserController.parseStringToBytes(java.lang.String)
 INFO 2017-10-04 10:10:27,703 org.springframework.web.servlet.mvc.method.annotation.RequestMappingHandlerMapping - Mapped "{[/v2/api-docs],methods=[GET],produces=[application/json || application/hal+json]}" onto public org.springframework.http.ResponseEntity<springfox.documentation.spring.web.json.Json> springfox.documentation.swagger2.web.Swagger2Controller.getDocumentation(java.lang.String,javax.servlet.http.HttpServletRequest)
 INFO 2017-10-04 10:10:27,729 org.springframework.web.servlet.mvc.method.annotation.RequestMappingHandlerMapping - Mapped "{[/swagger-resources/configuration/ui]}" onto org.springframework.http.ResponseEntity<springfox.documentation.swagger.web.UiConfiguration> springfox.documentation.swagger.web.ApiResourceController.uiConfiguration()
 INFO 2017-10-04 10:10:27,731 org.springframework.web.servlet.mvc.method.annotation.RequestMappingHandlerMapping - Mapped "{[/swagger-resources]}" onto org.springframework.http.ResponseEntity<java.util.List<springfox.documentation.swagger.web.SwaggerResource>> springfox.documentation.swagger.web.ApiResourceController.swaggerResources()
 INFO 2017-10-04 10:10:27,733 org.springframework.web.servlet.mvc.method.annotation.RequestMappingHandlerMapping - Mapped "{[/swagger-resources/configuration/security]}" onto org.springframework.http.ResponseEntity<springfox.documentation.swagger.web.SecurityConfiguration> springfox.documentation.swagger.web.ApiResourceController.securityConfiguration()
 WARN 2017-10-04 10:10:27,992          SystemErr - ERROR StatusLogger Log4j2 could not find a logging implementation. Please add log4j-core to the classpath. Using SimpleLogger to log to the console...
 INFO 2017-10-04 10:10:28,838 org.springframework.web.servlet.mvc.method.annotation.RequestMappingHandlerAdapter - Looking for @ControllerAdvice: WebApplicationContext for namespace 'rest-servlet': startup date [Wed Oct 04 10:10:26 EEST 2017]; parent: org.springframework.context.support.ClassPathXmlApplicationContext@29ca901e
 INFO 2017-10-04 10:10:28,961 org.springframework.web.servlet.mvc.method.annotation.RequestMappingHandlerAdapter - Looking for @ControllerAdvice: WebApplicationContext for namespace 'rest-servlet': startup date [Wed Oct 04 10:10:26 EEST 2017]; parent: org.springframework.context.support.ClassPathXmlApplicationContext@29ca901e
 INFO 2017-10-04 10:10:29,058 org.springframework.scheduling.concurrent.ThreadPoolTaskExecutor - Initializing ExecutorService 
 INFO 2017-10-04 10:10:29,084 org.springframework.scheduling.concurrent.ThreadPoolTaskScheduler - Initializing ExecutorService  'scheduler'
 INFO 2017-10-04 10:10:29,808 com.mpsdevelopment.finance.config.SwaggerConfig - Swagger config
 INFO 2017-10-04 10:10:29,928 org.springframework.context.support.DefaultLifecycleProcessor - Starting beans in phase 2147483647
 INFO 2017-10-04 10:10:29,929 springfox.documentation.spring.web.plugins.DocumentationPluginsBootstrapper - Context refreshed
 INFO 2017-10-04 10:10:30,003 springfox.documentation.spring.web.plugins.DocumentationPluginsBootstrapper - Found 1 custom documentation plugin(s)
 INFO 2017-10-04 10:10:30,050 springfox.documentation.spring.web.scanners.ApiListingReferenceScanner - Scanning for api listing references
 INFO 2017-10-04 10:10:30,503 org.springframework.web.servlet.DispatcherServlet - FrameworkServlet 'rest': initialization completed in 4481 ms
 INFO 2017-10-04 10:10:30,504 org.eclipse.jetty.server.handler.ContextHandler - Started o.e.j.s.ServletContextHandler@a5272be{/,file:///D:/workspace/MPS/finance/finance-server/target/classes/webapp/,AVAILABLE}
 INFO 2017-10-04 10:10:30,558 org.eclipse.jetty.server.AbstractConnector - Started ServerConnector@4996c99{HTTP/1.1,[http/1.1]}{localhost:8099}
 INFO 2017-10-04 10:10:30,559 org.eclipse.jetty.server.Server - Started @9780ms
 INFO 2017-10-04 10:10:30,559 com.mpsdevelopment.finance.JettyServer - Server started
 WARN 2017-10-04 10:14:55,918 org.eclipse.jetty.http.HttpParser - Illegal character 0x16 in state=START for buffer HeapByteBuffer@20d9882b[p=1,l=197,c=8192,r=196]={\x16<<<\x03\x01\x00\xC0\x01\x00\x00\xBc\x03\x03vv-Lo\xA5\xCe...\x00\x08zz\x00\x1d\x00\x17\x00\x18JJ\x00\x01\x00>>>\x00\x00\x00\x00\x00\x00\x00\x00\x00\x00\x00\x00\x00\x00\x00\x00\x00...\x00\x00\x00\x00\x00\x00\x00\x00\x00\x00\x00\x00\x00\x00\x00}
 WARN 2017-10-04 10:14:55,918 org.eclipse.jetty.http.HttpParser - Illegal character 0x16 in state=START for buffer HeapByteBuffer@3fab3d5c[p=1,l=197,c=8192,r=196]={\x16<<<\x03\x01\x00\xC0\x01\x00\x00\xBc\x03\x03\x96\xCd\xE5\x07\xAd\xCf?...\x00\x08\xCa\xCa\x00\x1d\x00\x17\x00\x18\n\n\x00\x01\x00>>>\x00\x00\x00\x00\x00\x00\x00\x00\x00\x00\x00\x00\x00\x00\x00\x00\x00...\x00\x00\x00\x00\x00\x00\x00\x00\x00\x00\x00\x00\x00\x00\x00}
 WARN 2017-10-04 10:14:55,919 org.eclipse.jetty.http.HttpParser - bad HTTP parsed: 400 Illegal character 0x16 for HttpChannelOverHttp@2e1e7240{r=0,c=false,a=IDLE,uri=null}
 WARN 2017-10-04 10:14:55,919 org.eclipse.jetty.http.HttpParser - bad HTTP parsed: 400 Illegal character 0x16 for HttpChannelOverHttp@4b9908d6{r=0,c=false,a=IDLE,uri=null}
 INFO 2017-10-04 10:16:16,357 com.mpsdevelopment.finance.controller.CsvParserController - Response for string to bytes parsing to bytes recieved!
 WARN 2017-10-04 10:16:16,368 org.eclipse.jetty.servlet.ServletHandler - 
org.springframework.web.util.NestedServletException: Request processing failed; nested exception is java.lang.IllegalArgumentException: Illegal base64 character 3a
	at org.springframework.web.servlet.FrameworkServlet.processRequest(FrameworkServlet.java:982)
	at org.springframework.web.servlet.FrameworkServlet.doPost(FrameworkServlet.java:872)
	at javax.servlet.http.HttpServlet.service(HttpServlet.java:648)
	at org.springframework.web.servlet.FrameworkServlet.service(FrameworkServlet.java:846)
	at javax.servlet.http.HttpServlet.service(HttpServlet.java:729)
	at org.eclipse.jetty.servlet.ServletHolder.handle(ServletHolder.java:845)
	at org.eclipse.jetty.servlet.ServletHandler$CachedChain.doFilter(ServletHandler.java:1712)
	at org.eclipse.jetty.websocket.server.WebSocketUpgradeFilter.doFilter(WebSocketUpgradeFilter.java:247)
	at org.eclipse.jetty.servlet.ServletHandler$CachedChain.doFilter(ServletHandler.java:1699)
	at org.eclipse.jetty.servlet.ServletHandler.doHandle(ServletHandler.java:582)
	at org.eclipse.jetty.server.session.SessionHandler.doHandle(SessionHandler.java:224)
	at org.eclipse.jetty.server.handler.ContextHandler.doHandle(ContextHandler.java:1180)
	at org.eclipse.jetty.servlet.ServletHandler.doScope(ServletHandler.java:512)
	at org.eclipse.jetty.server.session.SessionHandler.doScope(SessionHandler.java:185)
	at org.eclipse.jetty.server.handler.ContextHandler.doScope(ContextHandler.java:1112)
	at org.eclipse.jetty.server.handler.ScopedHandler.handle(ScopedHandler.java:141)
	at org.eclipse.jetty.server.handler.HandlerList.handle(HandlerList.java:52)
	at org.eclipse.jetty.server.handler.HandlerWrapper.handle(HandlerWrapper.java:134)
	at org.eclipse.jetty.server.Server.handle(Server.java:523)
	at org.eclipse.jetty.server.HttpChannel.handle(HttpChannel.java:320)
	at org.eclipse.jetty.server.HttpConnection.onFillable(HttpConnection.java:251)
	at org.eclipse.jetty.io.AbstractConnection$ReadCallback.succeeded(AbstractConnection.java:273)
	at org.eclipse.jetty.io.FillInterest.fillable(FillInterest.java:95)
	at org.eclipse.jetty.io.SelectChannelEndPoint$2.run(SelectChannelEndPoint.java:93)
	at org.eclipse.jetty.util.thread.strategy.ExecuteProduceConsume.executeProduceConsume(ExecuteProduceConsume.java:303)
	at org.eclipse.jetty.util.thread.strategy.ExecuteProduceConsume.produceConsume(ExecuteProduceConsume.java:148)
	at org.eclipse.jetty.util.thread.strategy.ExecuteProduceConsume.run(ExecuteProduceConsume.java:136)
	at org.eclipse.jetty.util.thread.QueuedThreadPool.runJob(QueuedThreadPool.java:671)
	at org.eclipse.jetty.util.thread.QueuedThreadPool$2.run(QueuedThreadPool.java:589)
	at java.lang.Thread.run(Unknown Source)
Caused by: java.lang.IllegalArgumentException: Illegal base64 character 3a
	at java.util.Base64$Decoder.decode0(Unknown Source)
	at java.util.Base64$Decoder.decode(Unknown Source)
	at java.util.Base64$Decoder.decode(Unknown Source)
	at com.mpsdevelopment.finance.service.impl.CsvParserServiceImpl.getParsedStringToBytes(CsvParserServiceImpl.java:27)
	at com.mpsdevelopment.finance.controller.CsvParserController.parseStringToBytes(CsvParserController.java:80)
	at sun.reflect.NativeMethodAccessorImpl.invoke0(Native Method)
	at sun.reflect.NativeMethodAccessorImpl.invoke(Unknown Source)
	at sun.reflect.DelegatingMethodAccessorImpl.invoke(Unknown Source)
	at java.lang.reflect.Method.invoke(Unknown Source)
	at org.springframework.web.method.support.InvocableHandlerMethod.doInvoke(InvocableHandlerMethod.java:205)
	at org.springframework.web.method.support.InvocableHandlerMethod.invokeForRequest(InvocableHandlerMethod.java:133)
	at org.springframework.web.servlet.mvc.method.annotation.ServletInvocableHandlerMethod.invokeAndHandle(ServletInvocableHandlerMethod.java:116)
	at org.springframework.web.servlet.mvc.method.annotation.RequestMappingHandlerAdapter.invokeHandlerMethod(RequestMappingHandlerAdapter.java:827)
	at org.springframework.web.servlet.mvc.method.annotation.RequestMappingHandlerAdapter.handleInternal(RequestMappingHandlerAdapter.java:738)
	at org.springframework.web.servlet.mvc.method.AbstractHandlerMethodAdapter.handle(AbstractHandlerMethodAdapter.java:85)
	at org.springframework.web.servlet.DispatcherServlet.doDispatch(DispatcherServlet.java:963)
	at org.springframework.web.servlet.DispatcherServlet.doService(DispatcherServlet.java:897)
	at org.springframework.web.servlet.FrameworkServlet.processRequest(FrameworkServlet.java:970)
	... 29 common frames omitted
 INFO 2017-10-04 10:18:17,808 com.mpsdevelopment.finance.controller.CsvParserController - Response for string to bytes parsing to bytes recieved!
 WARN 2017-10-04 10:18:17,809 org.eclipse.jetty.servlet.ServletHandler - 
org.springframework.web.util.NestedServletException: Request processing failed; nested exception is java.lang.IllegalArgumentException: Illegal base64 character 3a
	at org.springframework.web.servlet.FrameworkServlet.processRequest(FrameworkServlet.java:982)
	at org.springframework.web.servlet.FrameworkServlet.doPost(FrameworkServlet.java:872)
	at javax.servlet.http.HttpServlet.service(HttpServlet.java:648)
	at org.springframework.web.servlet.FrameworkServlet.service(FrameworkServlet.java:846)
	at javax.servlet.http.HttpServlet.service(HttpServlet.java:729)
	at org.eclipse.jetty.servlet.ServletHolder.handle(ServletHolder.java:845)
	at org.eclipse.jetty.servlet.ServletHandler$CachedChain.doFilter(ServletHandler.java:1712)
	at org.eclipse.jetty.websocket.server.WebSocketUpgradeFilter.doFilter(WebSocketUpgradeFilter.java:247)
	at org.eclipse.jetty.servlet.ServletHandler$CachedChain.doFilter(ServletHandler.java:1699)
	at org.eclipse.jetty.servlet.ServletHandler.doHandle(ServletHandler.java:582)
	at org.eclipse.jetty.server.session.SessionHandler.doHandle(SessionHandler.java:224)
	at org.eclipse.jetty.server.handler.ContextHandler.doHandle(ContextHandler.java:1180)
	at org.eclipse.jetty.servlet.ServletHandler.doScope(ServletHandler.java:512)
	at org.eclipse.jetty.server.session.SessionHandler.doScope(SessionHandler.java:185)
	at org.eclipse.jetty.server.handler.ContextHandler.doScope(ContextHandler.java:1112)
	at org.eclipse.jetty.server.handler.ScopedHandler.handle(ScopedHandler.java:141)
	at org.eclipse.jetty.server.handler.HandlerList.handle(HandlerList.java:52)
	at org.eclipse.jetty.server.handler.HandlerWrapper.handle(HandlerWrapper.java:134)
	at org.eclipse.jetty.server.Server.handle(Server.java:523)
	at org.eclipse.jetty.server.HttpChannel.handle(HttpChannel.java:320)
	at org.eclipse.jetty.server.HttpConnection.onFillable(HttpConnection.java:251)
	at org.eclipse.jetty.io.AbstractConnection$ReadCallback.succeeded(AbstractConnection.java:273)
	at org.eclipse.jetty.io.FillInterest.fillable(FillInterest.java:95)
	at org.eclipse.jetty.io.SelectChannelEndPoint$2.run(SelectChannelEndPoint.java:93)
	at org.eclipse.jetty.util.thread.strategy.ExecuteProduceConsume.executeProduceConsume(ExecuteProduceConsume.java:303)
	at org.eclipse.jetty.util.thread.strategy.ExecuteProduceConsume.produceConsume(ExecuteProduceConsume.java:148)
	at org.eclipse.jetty.util.thread.strategy.ExecuteProduceConsume.run(ExecuteProduceConsume.java:136)
	at org.eclipse.jetty.util.thread.QueuedThreadPool.runJob(QueuedThreadPool.java:671)
	at org.eclipse.jetty.util.thread.QueuedThreadPool$2.run(QueuedThreadPool.java:589)
	at java.lang.Thread.run(Unknown Source)
Caused by: java.lang.IllegalArgumentException: Illegal base64 character 3a
	at java.util.Base64$Decoder.decode0(Unknown Source)
	at java.util.Base64$Decoder.decode(Unknown Source)
	at java.util.Base64$Decoder.decode(Unknown Source)
	at com.mpsdevelopment.finance.service.impl.CsvParserServiceImpl.getParsedStringToBytes(CsvParserServiceImpl.java:27)
	at com.mpsdevelopment.finance.controller.CsvParserController.parseStringToBytes(CsvParserController.java:80)
	at sun.reflect.NativeMethodAccessorImpl.invoke0(Native Method)
	at sun.reflect.NativeMethodAccessorImpl.invoke(Unknown Source)
	at sun.reflect.DelegatingMethodAccessorImpl.invoke(Unknown Source)
	at java.lang.reflect.Method.invoke(Unknown Source)
	at org.springframework.web.method.support.InvocableHandlerMethod.doInvoke(InvocableHandlerMethod.java:205)
	at org.springframework.web.method.support.InvocableHandlerMethod.invokeForRequest(InvocableHandlerMethod.java:133)
	at org.springframework.web.servlet.mvc.method.annotation.ServletInvocableHandlerMethod.invokeAndHandle(ServletInvocableHandlerMethod.java:116)
	at org.springframework.web.servlet.mvc.method.annotation.RequestMappingHandlerAdapter.invokeHandlerMethod(RequestMappingHandlerAdapter.java:827)
	at org.springframework.web.servlet.mvc.method.annotation.RequestMappingHandlerAdapter.handleInternal(RequestMappingHandlerAdapter.java:738)
	at org.springframework.web.servlet.mvc.method.AbstractHandlerMethodAdapter.handle(AbstractHandlerMethodAdapter.java:85)
	at org.springframework.web.servlet.DispatcherServlet.doDispatch(DispatcherServlet.java:963)
	at org.springframework.web.servlet.DispatcherServlet.doService(DispatcherServlet.java:897)
	at org.springframework.web.servlet.FrameworkServlet.processRequest(FrameworkServlet.java:970)
	... 29 common frames omitted
 INFO 2017-10-04 10:25:36,347 com.mpsdevelopment.finance.controller.CsvParserController - Response for string to bytes parsing to bytes recieved!
 WARN 2017-10-04 10:25:36,349 org.eclipse.jetty.servlet.ServletHandler - 
org.springframework.web.util.NestedServletException: Request processing failed; nested exception is java.lang.IllegalArgumentException: Illegal base64 character 3a
	at org.springframework.web.servlet.FrameworkServlet.processRequest(FrameworkServlet.java:982)
	at org.springframework.web.servlet.FrameworkServlet.doPost(FrameworkServlet.java:872)
	at javax.servlet.http.HttpServlet.service(HttpServlet.java:648)
	at org.springframework.web.servlet.FrameworkServlet.service(FrameworkServlet.java:846)
	at javax.servlet.http.HttpServlet.service(HttpServlet.java:729)
	at org.eclipse.jetty.servlet.ServletHolder.handle(ServletHolder.java:845)
	at org.eclipse.jetty.servlet.ServletHandler$CachedChain.doFilter(ServletHandler.java:1712)
	at org.eclipse.jetty.websocket.server.WebSocketUpgradeFilter.doFilter(WebSocketUpgradeFilter.java:247)
	at org.eclipse.jetty.servlet.ServletHandler$CachedChain.doFilter(ServletHandler.java:1699)
	at org.eclipse.jetty.servlet.ServletHandler.doHandle(ServletHandler.java:582)
	at org.eclipse.jetty.server.session.SessionHandler.doHandle(SessionHandler.java:224)
	at org.eclipse.jetty.server.handler.ContextHandler.doHandle(ContextHandler.java:1180)
	at org.eclipse.jetty.servlet.ServletHandler.doScope(ServletHandler.java:512)
	at org.eclipse.jetty.server.session.SessionHandler.doScope(SessionHandler.java:185)
	at org.eclipse.jetty.server.handler.ContextHandler.doScope(ContextHandler.java:1112)
	at org.eclipse.jetty.server.handler.ScopedHandler.handle(ScopedHandler.java:141)
	at org.eclipse.jetty.server.handler.HandlerList.handle(HandlerList.java:52)
	at org.eclipse.jetty.server.handler.HandlerWrapper.handle(HandlerWrapper.java:134)
	at org.eclipse.jetty.server.Server.handle(Server.java:523)
	at org.eclipse.jetty.server.HttpChannel.handle(HttpChannel.java:320)
	at org.eclipse.jetty.server.HttpConnection.onFillable(HttpConnection.java:251)
	at org.eclipse.jetty.io.AbstractConnection$ReadCallback.succeeded(AbstractConnection.java:273)
	at org.eclipse.jetty.io.FillInterest.fillable(FillInterest.java:95)
	at org.eclipse.jetty.io.SelectChannelEndPoint$2.run(SelectChannelEndPoint.java:93)
	at org.eclipse.jetty.util.thread.strategy.ExecuteProduceConsume.executeProduceConsume(ExecuteProduceConsume.java:303)
	at org.eclipse.jetty.util.thread.strategy.ExecuteProduceConsume.produceConsume(ExecuteProduceConsume.java:148)
	at org.eclipse.jetty.util.thread.strategy.ExecuteProduceConsume.run(ExecuteProduceConsume.java:136)
	at org.eclipse.jetty.util.thread.QueuedThreadPool.runJob(QueuedThreadPool.java:671)
	at org.eclipse.jetty.util.thread.QueuedThreadPool$2.run(QueuedThreadPool.java:589)
	at java.lang.Thread.run(Unknown Source)
Caused by: java.lang.IllegalArgumentException: Illegal base64 character 3a
	at java.util.Base64$Decoder.decode0(Unknown Source)
	at java.util.Base64$Decoder.decode(Unknown Source)
	at java.util.Base64$Decoder.decode(Unknown Source)
	at com.mpsdevelopment.finance.service.impl.CsvParserServiceImpl.getParsedStringToBytes(CsvParserServiceImpl.java:27)
	at com.mpsdevelopment.finance.controller.CsvParserController.parseStringToBytes(CsvParserController.java:80)
	at sun.reflect.NativeMethodAccessorImpl.invoke0(Native Method)
	at sun.reflect.NativeMethodAccessorImpl.invoke(Unknown Source)
	at sun.reflect.DelegatingMethodAccessorImpl.invoke(Unknown Source)
	at java.lang.reflect.Method.invoke(Unknown Source)
	at org.springframework.web.method.support.InvocableHandlerMethod.doInvoke(InvocableHandlerMethod.java:205)
	at org.springframework.web.method.support.InvocableHandlerMethod.invokeForRequest(InvocableHandlerMethod.java:133)
	at org.springframework.web.servlet.mvc.method.annotation.ServletInvocableHandlerMethod.invokeAndHandle(ServletInvocableHandlerMethod.java:116)
	at org.springframework.web.servlet.mvc.method.annotation.RequestMappingHandlerAdapter.invokeHandlerMethod(RequestMappingHandlerAdapter.java:827)
	at org.springframework.web.servlet.mvc.method.annotation.RequestMappingHandlerAdapter.handleInternal(RequestMappingHandlerAdapter.java:738)
	at org.springframework.web.servlet.mvc.method.AbstractHandlerMethodAdapter.handle(AbstractHandlerMethodAdapter.java:85)
	at org.springframework.web.servlet.DispatcherServlet.doDispatch(DispatcherServlet.java:963)
	at org.springframework.web.servlet.DispatcherServlet.doService(DispatcherServlet.java:897)
	at org.springframework.web.servlet.FrameworkServlet.processRequest(FrameworkServlet.java:970)
	... 29 common frames omitted
 INFO 2017-10-04 10:25:57,694 com.mpsdevelopment.finance.controller.CsvParserController - Response for string to bytes parsing to bytes recieved!
 INFO 2017-10-04 10:26:37,380 com.mpsdevelopment.finance.controller.CsvParserController - Response for string to bytes parsing to bytes recieved!
 WARN 2017-10-04 10:26:37,381 org.eclipse.jetty.servlet.ServletHandler - 
org.springframework.web.util.NestedServletException: Request processing failed; nested exception is java.lang.IllegalArgumentException: Illegal base64 character 3a
	at org.springframework.web.servlet.FrameworkServlet.processRequest(FrameworkServlet.java:982)
	at org.springframework.web.servlet.FrameworkServlet.doPost(FrameworkServlet.java:872)
	at javax.servlet.http.HttpServlet.service(HttpServlet.java:648)
	at org.springframework.web.servlet.FrameworkServlet.service(FrameworkServlet.java:846)
	at javax.servlet.http.HttpServlet.service(HttpServlet.java:729)
	at org.eclipse.jetty.servlet.ServletHolder.handle(ServletHolder.java:845)
	at org.eclipse.jetty.servlet.ServletHandler$CachedChain.doFilter(ServletHandler.java:1712)
	at org.eclipse.jetty.websocket.server.WebSocketUpgradeFilter.doFilter(WebSocketUpgradeFilter.java:247)
	at org.eclipse.jetty.servlet.ServletHandler$CachedChain.doFilter(ServletHandler.java:1699)
	at org.eclipse.jetty.servlet.ServletHandler.doHandle(ServletHandler.java:582)
	at org.eclipse.jetty.server.session.SessionHandler.doHandle(SessionHandler.java:224)
	at org.eclipse.jetty.server.handler.ContextHandler.doHandle(ContextHandler.java:1180)
	at org.eclipse.jetty.servlet.ServletHandler.doScope(ServletHandler.java:512)
	at org.eclipse.jetty.server.session.SessionHandler.doScope(SessionHandler.java:185)
	at org.eclipse.jetty.server.handler.ContextHandler.doScope(ContextHandler.java:1112)
	at org.eclipse.jetty.server.handler.ScopedHandler.handle(ScopedHandler.java:141)
	at org.eclipse.jetty.server.handler.HandlerList.handle(HandlerList.java:52)
	at org.eclipse.jetty.server.handler.HandlerWrapper.handle(HandlerWrapper.java:134)
	at org.eclipse.jetty.server.Server.handle(Server.java:523)
	at org.eclipse.jetty.server.HttpChannel.handle(HttpChannel.java:320)
	at org.eclipse.jetty.server.HttpConnection.onFillable(HttpConnection.java:251)
	at org.eclipse.jetty.io.AbstractConnection$ReadCallback.succeeded(AbstractConnection.java:273)
	at org.eclipse.jetty.io.FillInterest.fillable(FillInterest.java:95)
	at org.eclipse.jetty.io.SelectChannelEndPoint$2.run(SelectChannelEndPoint.java:93)
	at org.eclipse.jetty.util.thread.strategy.ExecuteProduceConsume.executeProduceConsume(ExecuteProduceConsume.java:303)
	at org.eclipse.jetty.util.thread.strategy.ExecuteProduceConsume.produceConsume(ExecuteProduceConsume.java:148)
	at org.eclipse.jetty.util.thread.strategy.ExecuteProduceConsume.run(ExecuteProduceConsume.java:136)
	at org.eclipse.jetty.util.thread.QueuedThreadPool.runJob(QueuedThreadPool.java:671)
	at org.eclipse.jetty.util.thread.QueuedThreadPool$2.run(QueuedThreadPool.java:589)
	at java.lang.Thread.run(Unknown Source)
Caused by: java.lang.IllegalArgumentException: Illegal base64 character 3a
	at java.util.Base64$Decoder.decode0(Unknown Source)
	at java.util.Base64$Decoder.decode(Unknown Source)
	at java.util.Base64$Decoder.decode(Unknown Source)
	at com.mpsdevelopment.finance.service.impl.CsvParserServiceImpl.getParsedStringToBytes(CsvParserServiceImpl.java:27)
	at com.mpsdevelopment.finance.controller.CsvParserController.parseStringToBytes(CsvParserController.java:80)
	at sun.reflect.NativeMethodAccessorImpl.invoke0(Native Method)
	at sun.reflect.NativeMethodAccessorImpl.invoke(Unknown Source)
	at sun.reflect.DelegatingMethodAccessorImpl.invoke(Unknown Source)
	at java.lang.reflect.Method.invoke(Unknown Source)
	at org.springframework.web.method.support.InvocableHandlerMethod.doInvoke(InvocableHandlerMethod.java:205)
	at org.springframework.web.method.support.InvocableHandlerMethod.invokeForRequest(InvocableHandlerMethod.java:133)
	at org.springframework.web.servlet.mvc.method.annotation.ServletInvocableHandlerMethod.invokeAndHandle(ServletInvocableHandlerMethod.java:116)
	at org.springframework.web.servlet.mvc.method.annotation.RequestMappingHandlerAdapter.invokeHandlerMethod(RequestMappingHandlerAdapter.java:827)
	at org.springframework.web.servlet.mvc.method.annotation.RequestMappingHandlerAdapter.handleInternal(RequestMappingHandlerAdapter.java:738)
	at org.springframework.web.servlet.mvc.method.AbstractHandlerMethodAdapter.handle(AbstractHandlerMethodAdapter.java:85)
	at org.springframework.web.servlet.DispatcherServlet.doDispatch(DispatcherServlet.java:963)
	at org.springframework.web.servlet.DispatcherServlet.doService(DispatcherServlet.java:897)
	at org.springframework.web.servlet.FrameworkServlet.processRequest(FrameworkServlet.java:970)
	... 29 common frames omitted
 INFO 2017-10-04 10:26:56,139 com.mpsdevelopment.finance.controller.CsvParserController - Response for string to bytes parsing to bytes recieved!
 INFO 2017-10-04 10:32:30,826 org.springframework.context.support.ClassPathXmlApplicationContext - Refreshing org.springframework.context.support.ClassPathXmlApplicationContext@29ca901e: startup date [Wed Oct 04 10:32:30 EEST 2017]; root of context hierarchy
 INFO 2017-10-04 10:32:30,935 org.springframework.beans.factory.xml.XmlBeanDefinitionReader - Loading XML bean definitions from class path resource [webapp/app-context.xml]
 INFO 2017-10-04 10:32:32,846 org.eclipse.jetty.util.log - Logging initialized @3240ms
 INFO 2017-10-04 10:32:33,171 com.mpsdevelopment.finance.JettyServer - Max content size will be changed from -1 to 500000000
 INFO 2017-10-04 10:32:33,262 org.eclipse.jetty.server.Server - jetty-9.3.13.v20161014
 INFO 2017-10-04 10:32:33,924                  / - Initializing Spring FrameworkServlet 'rest'
 INFO 2017-10-04 10:32:33,925 org.springframework.web.servlet.DispatcherServlet - FrameworkServlet 'rest': initialization started
 INFO 2017-10-04 10:32:33,931 org.springframework.web.context.support.XmlWebApplicationContext - Refreshing WebApplicationContext for namespace 'rest-servlet': startup date [Wed Oct 04 10:32:33 EEST 2017]; parent: org.springframework.context.support.ClassPathXmlApplicationContext@29ca901e
 INFO 2017-10-04 10:32:33,933 org.springframework.beans.factory.xml.XmlBeanDefinitionReader - Loading XML bean definitions from ServletContext resource [/server-context.xml]
 INFO 2017-10-04 10:32:34,085 org.springframework.beans.factory.support.DefaultListableBeanFactory - Overriding bean definition for bean 'csvParserController' with a different definition: replacing [Generic bean: class [com.mpsdevelopment.finance.controller.CsvParserController]; scope=singleton; abstract=false; lazyInit=false; autowireMode=0; dependencyCheck=0; autowireCandidate=true; primary=false; factoryBeanName=null; factoryMethodName=null; initMethodName=null; destroyMethodName=null; defined in file [D:\workspace\MPS\finance\finance-server\target\classes\com\mpsdevelopment\finance\controller\CsvParserController.class]] with [Generic bean: class [com.mpsdevelopment.finance.controller.CsvParserController]; scope=; abstract=false; lazyInit=false; autowireMode=0; dependencyCheck=0; autowireCandidate=true; primary=false; factoryBeanName=null; factoryMethodName=null; initMethodName=null; destroyMethodName=null; defined in ServletContext resource [/server-context.xml]]
 INFO 2017-10-04 10:32:34,138 org.springframework.beans.factory.support.DefaultListableBeanFactory - Overriding bean definition for bean 'mvcConfig' with a different definition: replacing [Generic bean: class [com.mpsdevelopment.finance.config.MvcConfig]; scope=singleton; abstract=false; lazyInit=false; autowireMode=0; dependencyCheck=0; autowireCandidate=true; primary=false; factoryBeanName=null; factoryMethodName=null; initMethodName=null; destroyMethodName=null; defined in file [D:\workspace\MPS\finance\finance-server\target\classes\com\mpsdevelopment\finance\config\MvcConfig.class]] with [Generic bean: class [com.mpsdevelopment.finance.config.MvcConfig]; scope=; abstract=false; lazyInit=false; autowireMode=0; dependencyCheck=0; autowireCandidate=true; primary=false; factoryBeanName=null; factoryMethodName=null; initMethodName=null; destroyMethodName=null; defined in ServletContext resource [/server-context.xml]]
 INFO 2017-10-04 10:32:35,492 org.springframework.web.servlet.mvc.method.annotation.RequestMappingHandlerMapping - Mapped "{[/csv-parser/file],methods=[POST],consumes=[multipart/form-data],produces=[multipart/form-data]}" onto public org.springframework.http.ResponseEntity<java.io.File> com.mpsdevelopment.finance.controller.CsvParserController.parseFile(java.io.File)
 INFO 2017-10-04 10:32:35,494 org.springframework.web.servlet.mvc.method.annotation.RequestMappingHandlerMapping - Mapped "{[/csv-parser/string],methods=[POST],consumes=[text/plain],produces=[text/plain]}" onto public org.springframework.http.ResponseEntity<java.lang.String> com.mpsdevelopment.finance.controller.CsvParserController.parseString(java.lang.String)
 INFO 2017-10-04 10:32:35,495 org.springframework.web.servlet.mvc.method.annotation.RequestMappingHandlerMapping - Mapped "{[/csv-parser/bytes],methods=[POST],consumes=[multipart/form-data],produces=[multipart/form-data]}" onto public org.springframework.http.ResponseEntity<byte[]> com.mpsdevelopment.finance.controller.CsvParserController.parseBytes(byte[])
 INFO 2017-10-04 10:32:35,496 org.springframework.web.servlet.mvc.method.annotation.RequestMappingHandlerMapping - Mapped "{[/csv-parser/stream],methods=[POST],consumes=[text/plain],produces=[multipart/form-data]}" onto public org.springframework.http.ResponseEntity<byte[]> com.mpsdevelopment.finance.controller.CsvParserController.parseStringToBytes(java.lang.String)
 INFO 2017-10-04 10:32:35,520 org.springframework.web.servlet.mvc.method.annotation.RequestMappingHandlerMapping - Mapped "{[/v2/api-docs],methods=[GET],produces=[application/json || application/hal+json]}" onto public org.springframework.http.ResponseEntity<springfox.documentation.spring.web.json.Json> springfox.documentation.swagger2.web.Swagger2Controller.getDocumentation(java.lang.String,javax.servlet.http.HttpServletRequest)
 INFO 2017-10-04 10:32:35,543 org.springframework.web.servlet.mvc.method.annotation.RequestMappingHandlerMapping - Mapped "{[/swagger-resources/configuration/security]}" onto org.springframework.http.ResponseEntity<springfox.documentation.swagger.web.SecurityConfiguration> springfox.documentation.swagger.web.ApiResourceController.securityConfiguration()
 INFO 2017-10-04 10:32:35,544 org.springframework.web.servlet.mvc.method.annotation.RequestMappingHandlerMapping - Mapped "{[/swagger-resources/configuration/ui]}" onto org.springframework.http.ResponseEntity<springfox.documentation.swagger.web.UiConfiguration> springfox.documentation.swagger.web.ApiResourceController.uiConfiguration()
 INFO 2017-10-04 10:32:35,546 org.springframework.web.servlet.mvc.method.annotation.RequestMappingHandlerMapping - Mapped "{[/swagger-resources]}" onto org.springframework.http.ResponseEntity<java.util.List<springfox.documentation.swagger.web.SwaggerResource>> springfox.documentation.swagger.web.ApiResourceController.swaggerResources()
 WARN 2017-10-04 10:32:35,719          SystemErr - ERROR StatusLogger Log4j2 could not find a logging implementation. Please add log4j-core to the classpath. Using SimpleLogger to log to the console...
 INFO 2017-10-04 10:32:36,384 org.springframework.web.servlet.mvc.method.annotation.RequestMappingHandlerAdapter - Looking for @ControllerAdvice: WebApplicationContext for namespace 'rest-servlet': startup date [Wed Oct 04 10:32:33 EEST 2017]; parent: org.springframework.context.support.ClassPathXmlApplicationContext@29ca901e
 INFO 2017-10-04 10:32:36,483 org.springframework.web.servlet.mvc.method.annotation.RequestMappingHandlerAdapter - Looking for @ControllerAdvice: WebApplicationContext for namespace 'rest-servlet': startup date [Wed Oct 04 10:32:33 EEST 2017]; parent: org.springframework.context.support.ClassPathXmlApplicationContext@29ca901e
 INFO 2017-10-04 10:32:36,604 org.springframework.scheduling.concurrent.ThreadPoolTaskExecutor - Initializing ExecutorService 
 INFO 2017-10-04 10:32:36,628 org.springframework.scheduling.concurrent.ThreadPoolTaskScheduler - Initializing ExecutorService  'scheduler'
 INFO 2017-10-04 10:32:37,350 com.mpsdevelopment.finance.config.SwaggerConfig - Swagger config
 INFO 2017-10-04 10:32:37,445 org.springframework.context.support.DefaultLifecycleProcessor - Starting beans in phase 2147483647
 INFO 2017-10-04 10:32:37,446 springfox.documentation.spring.web.plugins.DocumentationPluginsBootstrapper - Context refreshed
 INFO 2017-10-04 10:32:37,511 springfox.documentation.spring.web.plugins.DocumentationPluginsBootstrapper - Found 1 custom documentation plugin(s)
 INFO 2017-10-04 10:32:37,554 springfox.documentation.spring.web.scanners.ApiListingReferenceScanner - Scanning for api listing references
 INFO 2017-10-04 10:32:37,996 org.springframework.web.servlet.DispatcherServlet - FrameworkServlet 'rest': initialization completed in 4071 ms
 INFO 2017-10-04 10:32:37,997 org.eclipse.jetty.server.handler.ContextHandler - Started o.e.j.s.ServletContextHandler@58ba5b30{/,file:///D:/workspace/MPS/finance/finance-server/target/classes/webapp/,AVAILABLE}
 INFO 2017-10-04 10:32:38,048 org.eclipse.jetty.server.AbstractConnector - Started ServerConnector@1b956cfa{HTTP/1.1,[http/1.1]}{localhost:8099}
 INFO 2017-10-04 10:32:38,049 org.eclipse.jetty.server.Server - Started @8446ms
 INFO 2017-10-04 10:32:38,049 com.mpsdevelopment.finance.JettyServer - Server started
 INFO 2017-10-04 10:33:43,298 com.mpsdevelopment.finance.controller.CsvParserController - Response for string to bytes parsing to bytes recieved!
 WARN 2017-10-04 10:33:43,327 org.eclipse.jetty.servlet.ServletHandler - 
org.springframework.web.util.NestedServletException: Request processing failed; nested exception is java.lang.IllegalArgumentException: Illegal base64 character 3a
	at org.springframework.web.servlet.FrameworkServlet.processRequest(FrameworkServlet.java:982)
	at org.springframework.web.servlet.FrameworkServlet.doPost(FrameworkServlet.java:872)
	at javax.servlet.http.HttpServlet.service(HttpServlet.java:648)
	at org.springframework.web.servlet.FrameworkServlet.service(FrameworkServlet.java:846)
	at javax.servlet.http.HttpServlet.service(HttpServlet.java:729)
	at org.eclipse.jetty.servlet.ServletHolder.handle(ServletHolder.java:845)
	at org.eclipse.jetty.servlet.ServletHandler$CachedChain.doFilter(ServletHandler.java:1712)
	at org.eclipse.jetty.websocket.server.WebSocketUpgradeFilter.doFilter(WebSocketUpgradeFilter.java:247)
	at org.eclipse.jetty.servlet.ServletHandler$CachedChain.doFilter(ServletHandler.java:1699)
	at org.eclipse.jetty.servlet.ServletHandler.doHandle(ServletHandler.java:582)
	at org.eclipse.jetty.server.session.SessionHandler.doHandle(SessionHandler.java:224)
	at org.eclipse.jetty.server.handler.ContextHandler.doHandle(ContextHandler.java:1180)
	at org.eclipse.jetty.servlet.ServletHandler.doScope(ServletHandler.java:512)
	at org.eclipse.jetty.server.session.SessionHandler.doScope(SessionHandler.java:185)
	at org.eclipse.jetty.server.handler.ContextHandler.doScope(ContextHandler.java:1112)
	at org.eclipse.jetty.server.handler.ScopedHandler.handle(ScopedHandler.java:141)
	at org.eclipse.jetty.server.handler.HandlerList.handle(HandlerList.java:52)
	at org.eclipse.jetty.server.handler.HandlerWrapper.handle(HandlerWrapper.java:134)
	at org.eclipse.jetty.server.Server.handle(Server.java:523)
	at org.eclipse.jetty.server.HttpChannel.handle(HttpChannel.java:320)
	at org.eclipse.jetty.server.HttpConnection.onFillable(HttpConnection.java:251)
	at org.eclipse.jetty.io.AbstractConnection$ReadCallback.succeeded(AbstractConnection.java:273)
	at org.eclipse.jetty.io.FillInterest.fillable(FillInterest.java:95)
	at org.eclipse.jetty.io.SelectChannelEndPoint$2.run(SelectChannelEndPoint.java:93)
	at org.eclipse.jetty.util.thread.strategy.ExecuteProduceConsume.executeProduceConsume(ExecuteProduceConsume.java:303)
	at org.eclipse.jetty.util.thread.strategy.ExecuteProduceConsume.produceConsume(ExecuteProduceConsume.java:148)
	at org.eclipse.jetty.util.thread.strategy.ExecuteProduceConsume.run(ExecuteProduceConsume.java:136)
	at org.eclipse.jetty.util.thread.QueuedThreadPool.runJob(QueuedThreadPool.java:671)
	at org.eclipse.jetty.util.thread.QueuedThreadPool$2.run(QueuedThreadPool.java:589)
	at java.lang.Thread.run(Unknown Source)
Caused by: java.lang.IllegalArgumentException: Illegal base64 character 3a
	at java.util.Base64$Decoder.decode0(Unknown Source)
	at java.util.Base64$Decoder.decode(Unknown Source)
	at java.util.Base64$Decoder.decode(Unknown Source)
	at com.mpsdevelopment.finance.service.impl.CsvParserServiceImpl.getParsedStringToBytes(CsvParserServiceImpl.java:27)
	at com.mpsdevelopment.finance.controller.CsvParserController.parseStringToBytes(CsvParserController.java:80)
	at sun.reflect.NativeMethodAccessorImpl.invoke0(Native Method)
	at sun.reflect.NativeMethodAccessorImpl.invoke(Unknown Source)
	at sun.reflect.DelegatingMethodAccessorImpl.invoke(Unknown Source)
	at java.lang.reflect.Method.invoke(Unknown Source)
	at org.springframework.web.method.support.InvocableHandlerMethod.doInvoke(InvocableHandlerMethod.java:205)
	at org.springframework.web.method.support.InvocableHandlerMethod.invokeForRequest(InvocableHandlerMethod.java:133)
	at org.springframework.web.servlet.mvc.method.annotation.ServletInvocableHandlerMethod.invokeAndHandle(ServletInvocableHandlerMethod.java:116)
	at org.springframework.web.servlet.mvc.method.annotation.RequestMappingHandlerAdapter.invokeHandlerMethod(RequestMappingHandlerAdapter.java:827)
	at org.springframework.web.servlet.mvc.method.annotation.RequestMappingHandlerAdapter.handleInternal(RequestMappingHandlerAdapter.java:738)
	at org.springframework.web.servlet.mvc.method.AbstractHandlerMethodAdapter.handle(AbstractHandlerMethodAdapter.java:85)
	at org.springframework.web.servlet.DispatcherServlet.doDispatch(DispatcherServlet.java:963)
	at org.springframework.web.servlet.DispatcherServlet.doService(DispatcherServlet.java:897)
	at org.springframework.web.servlet.FrameworkServlet.processRequest(FrameworkServlet.java:970)
	... 29 common frames omitted
 INFO 2017-10-04 10:33:53,800 com.mpsdevelopment.finance.controller.CsvParserController - Response for string to bytes parsing to bytes recieved!
 INFO 2017-10-04 10:57:46,242 org.springframework.test.context.support.DefaultTestContextBootstrapper - Loaded default TestExecutionListener class names from location [META-INF/spring.factories]: [org.springframework.test.context.web.ServletTestExecutionListener, org.springframework.test.context.support.DirtiesContextBeforeModesTestExecutionListener, org.springframework.test.context.support.DependencyInjectionTestExecutionListener, org.springframework.test.context.support.DirtiesContextTestExecutionListener, org.springframework.test.context.transaction.TransactionalTestExecutionListener, org.springframework.test.context.jdbc.SqlScriptsTestExecutionListener, org.springframework.boot.test.mock.mockito.MockitoTestExecutionListener, org.springframework.boot.test.mock.mockito.ResetMocksTestExecutionListener]
 INFO 2017-10-04 10:57:46,278 org.springframework.test.context.support.DefaultTestContextBootstrapper - Using TestExecutionListeners: [org.springframework.test.context.web.ServletTestExecutionListener@6591f517, org.springframework.test.context.support.DirtiesContextBeforeModesTestExecutionListener@345965f2, org.springframework.test.context.support.DependencyInjectionTestExecutionListener@429bd883, org.springframework.test.context.support.DirtiesContextTestExecutionListener@4d49af10, org.springframework.test.context.transaction.TransactionalTestExecutionListener@279ad2e3, org.springframework.test.context.jdbc.SqlScriptsTestExecutionListener@58134517, org.springframework.boot.test.mock.mockito.ResetMocksTestExecutionListener@4450d156, org.springframework.boot.test.mock.mockito.MockitoTestExecutionListener@4461c7e3]
 INFO 2017-10-04 10:57:46,492 org.springframework.beans.factory.xml.XmlBeanDefinitionReader - Loading XML bean definitions from class path resource [webapp/app-context.xml]
 INFO 2017-10-04 10:57:47,263 org.springframework.context.support.GenericApplicationContext - Refreshing org.springframework.context.support.GenericApplicationContext@780cb77: startup date [Wed Oct 04 10:57:47 EEST 2017]; root of context hierarchy
 INFO 2017-10-04 10:57:49,110 org.springframework.context.support.GenericApplicationContext - Closing org.springframework.context.support.GenericApplicationContext@780cb77: startup date [Wed Oct 04 10:57:47 EEST 2017]; root of context hierarchy
 INFO 2017-10-04 10:58:43,813 org.springframework.test.context.support.DefaultTestContextBootstrapper - Loaded default TestExecutionListener class names from location [META-INF/spring.factories]: [org.springframework.test.context.web.ServletTestExecutionListener, org.springframework.test.context.support.DirtiesContextBeforeModesTestExecutionListener, org.springframework.test.context.support.DependencyInjectionTestExecutionListener, org.springframework.test.context.support.DirtiesContextTestExecutionListener, org.springframework.test.context.transaction.TransactionalTestExecutionListener, org.springframework.test.context.jdbc.SqlScriptsTestExecutionListener, org.springframework.boot.test.mock.mockito.MockitoTestExecutionListener, org.springframework.boot.test.mock.mockito.ResetMocksTestExecutionListener]
 INFO 2017-10-04 10:58:43,841 org.springframework.test.context.support.DefaultTestContextBootstrapper - Using TestExecutionListeners: [org.springframework.test.context.web.ServletTestExecutionListener@6591f517, org.springframework.test.context.support.DirtiesContextBeforeModesTestExecutionListener@345965f2, org.springframework.test.context.support.DependencyInjectionTestExecutionListener@429bd883, org.springframework.test.context.support.DirtiesContextTestExecutionListener@4d49af10, org.springframework.test.context.transaction.TransactionalTestExecutionListener@279ad2e3, org.springframework.test.context.jdbc.SqlScriptsTestExecutionListener@58134517, org.springframework.boot.test.mock.mockito.ResetMocksTestExecutionListener@4450d156, org.springframework.boot.test.mock.mockito.MockitoTestExecutionListener@4461c7e3]
 INFO 2017-10-04 10:58:43,976 org.springframework.beans.factory.xml.XmlBeanDefinitionReader - Loading XML bean definitions from class path resource [webapp/app-context.xml]
 INFO 2017-10-04 10:58:44,560 org.springframework.context.support.GenericApplicationContext - Refreshing org.springframework.context.support.GenericApplicationContext@780cb77: startup date [Wed Oct 04 10:58:44 EEST 2017]; root of context hierarchy
 INFO 2017-10-04 10:58:46,081 org.springframework.context.support.GenericApplicationContext - Closing org.springframework.context.support.GenericApplicationContext@780cb77: startup date [Wed Oct 04 10:58:44 EEST 2017]; root of context hierarchy
 INFO 2017-10-04 11:00:01,420 org.springframework.test.context.support.DefaultTestContextBootstrapper - Loaded default TestExecutionListener class names from location [META-INF/spring.factories]: [org.springframework.test.context.web.ServletTestExecutionListener, org.springframework.test.context.support.DirtiesContextBeforeModesTestExecutionListener, org.springframework.test.context.support.DependencyInjectionTestExecutionListener, org.springframework.test.context.support.DirtiesContextTestExecutionListener, org.springframework.test.context.transaction.TransactionalTestExecutionListener, org.springframework.test.context.jdbc.SqlScriptsTestExecutionListener, org.springframework.boot.test.mock.mockito.MockitoTestExecutionListener, org.springframework.boot.test.mock.mockito.ResetMocksTestExecutionListener]
 INFO 2017-10-04 11:00:01,448 org.springframework.test.context.support.DefaultTestContextBootstrapper - Using TestExecutionListeners: [org.springframework.test.context.web.ServletTestExecutionListener@6591f517, org.springframework.test.context.support.DirtiesContextBeforeModesTestExecutionListener@345965f2, org.springframework.test.context.support.DependencyInjectionTestExecutionListener@429bd883, org.springframework.test.context.support.DirtiesContextTestExecutionListener@4d49af10, org.springframework.test.context.transaction.TransactionalTestExecutionListener@279ad2e3, org.springframework.test.context.jdbc.SqlScriptsTestExecutionListener@58134517, org.springframework.boot.test.mock.mockito.ResetMocksTestExecutionListener@4450d156, org.springframework.boot.test.mock.mockito.MockitoTestExecutionListener@4461c7e3]
 INFO 2017-10-04 11:00:01,596 org.springframework.beans.factory.xml.XmlBeanDefinitionReader - Loading XML bean definitions from class path resource [webapp/app-context.xml]
 INFO 2017-10-04 11:00:02,010 org.springframework.context.support.GenericApplicationContext - Refreshing org.springframework.context.support.GenericApplicationContext@780cb77: startup date [Wed Oct 04 11:00:02 EEST 2017]; root of context hierarchy
 INFO 2017-10-04 11:00:03,458 org.springframework.context.support.GenericApplicationContext - Closing org.springframework.context.support.GenericApplicationContext@780cb77: startup date [Wed Oct 04 11:00:02 EEST 2017]; root of context hierarchy
 INFO 2017-10-04 11:14:15,033 org.springframework.test.context.support.DefaultTestContextBootstrapper - Loaded default TestExecutionListener class names from location [META-INF/spring.factories]: [org.springframework.test.context.web.ServletTestExecutionListener, org.springframework.test.context.support.DirtiesContextBeforeModesTestExecutionListener, org.springframework.test.context.support.DependencyInjectionTestExecutionListener, org.springframework.test.context.support.DirtiesContextTestExecutionListener, org.springframework.test.context.transaction.TransactionalTestExecutionListener, org.springframework.test.context.jdbc.SqlScriptsTestExecutionListener, org.springframework.boot.test.mock.mockito.MockitoTestExecutionListener, org.springframework.boot.test.mock.mockito.ResetMocksTestExecutionListener]
 INFO 2017-10-04 11:14:15,072 org.springframework.test.context.support.DefaultTestContextBootstrapper - Using TestExecutionListeners: [org.springframework.test.context.web.ServletTestExecutionListener@6591f517, org.springframework.test.context.support.DirtiesContextBeforeModesTestExecutionListener@345965f2, org.springframework.test.context.support.DependencyInjectionTestExecutionListener@429bd883, org.springframework.test.context.support.DirtiesContextTestExecutionListener@4d49af10, org.springframework.test.context.transaction.TransactionalTestExecutionListener@279ad2e3, org.springframework.test.context.jdbc.SqlScriptsTestExecutionListener@58134517, org.springframework.boot.test.mock.mockito.ResetMocksTestExecutionListener@4450d156, org.springframework.boot.test.mock.mockito.MockitoTestExecutionListener@4461c7e3]
 INFO 2017-10-04 11:14:15,260 org.springframework.beans.factory.xml.XmlBeanDefinitionReader - Loading XML bean definitions from class path resource [webapp/app-context.xml]
 INFO 2017-10-04 11:14:15,718 org.springframework.context.support.GenericApplicationContext - Refreshing org.springframework.context.support.GenericApplicationContext@780cb77: startup date [Wed Oct 04 11:14:15 EEST 2017]; root of context hierarchy
 INFO 2017-10-04 11:14:17,741 org.springframework.context.support.GenericApplicationContext - Closing org.springframework.context.support.GenericApplicationContext@780cb77: startup date [Wed Oct 04 11:14:15 EEST 2017]; root of context hierarchy
 INFO 2017-10-04 11:49:13,884 org.springframework.test.context.support.DefaultTestContextBootstrapper - Loaded default TestExecutionListener class names from location [META-INF/spring.factories]: [org.springframework.test.context.web.ServletTestExecutionListener, org.springframework.test.context.support.DirtiesContextBeforeModesTestExecutionListener, org.springframework.test.context.support.DependencyInjectionTestExecutionListener, org.springframework.test.context.support.DirtiesContextTestExecutionListener, org.springframework.test.context.transaction.TransactionalTestExecutionListener, org.springframework.test.context.jdbc.SqlScriptsTestExecutionListener, org.springframework.boot.test.mock.mockito.MockitoTestExecutionListener, org.springframework.boot.test.mock.mockito.ResetMocksTestExecutionListener]
 INFO 2017-10-04 11:49:13,911 org.springframework.test.context.support.DefaultTestContextBootstrapper - Using TestExecutionListeners: [org.springframework.test.context.web.ServletTestExecutionListener@6591f517, org.springframework.test.context.support.DirtiesContextBeforeModesTestExecutionListener@345965f2, org.springframework.test.context.support.DependencyInjectionTestExecutionListener@429bd883, org.springframework.test.context.support.DirtiesContextTestExecutionListener@4d49af10, org.springframework.test.context.transaction.TransactionalTestExecutionListener@279ad2e3, org.springframework.test.context.jdbc.SqlScriptsTestExecutionListener@58134517, org.springframework.boot.test.mock.mockito.ResetMocksTestExecutionListener@4450d156, org.springframework.boot.test.mock.mockito.MockitoTestExecutionListener@4461c7e3]
 INFO 2017-10-04 11:49:14,082 org.springframework.beans.factory.xml.XmlBeanDefinitionReader - Loading XML bean definitions from class path resource [webapp/app-context.xml]
 INFO 2017-10-04 11:49:14,467 org.springframework.context.support.GenericApplicationContext - Refreshing org.springframework.context.support.GenericApplicationContext@780cb77: startup date [Wed Oct 04 11:49:14 EEST 2017]; root of context hierarchy
 INFO 2017-10-04 11:49:16,015 org.springframework.context.support.GenericApplicationContext - Closing org.springframework.context.support.GenericApplicationContext@780cb77: startup date [Wed Oct 04 11:49:14 EEST 2017]; root of context hierarchy
 INFO 2017-10-04 11:49:56,202 org.springframework.test.context.support.DefaultTestContextBootstrapper - Loaded default TestExecutionListener class names from location [META-INF/spring.factories]: [org.springframework.test.context.web.ServletTestExecutionListener, org.springframework.test.context.support.DirtiesContextBeforeModesTestExecutionListener, org.springframework.test.context.support.DependencyInjectionTestExecutionListener, org.springframework.test.context.support.DirtiesContextTestExecutionListener, org.springframework.test.context.transaction.TransactionalTestExecutionListener, org.springframework.test.context.jdbc.SqlScriptsTestExecutionListener, org.springframework.boot.test.mock.mockito.MockitoTestExecutionListener, org.springframework.boot.test.mock.mockito.ResetMocksTestExecutionListener]
 INFO 2017-10-04 11:49:56,231 org.springframework.test.context.support.DefaultTestContextBootstrapper - Using TestExecutionListeners: [org.springframework.test.context.web.ServletTestExecutionListener@6591f517, org.springframework.test.context.support.DirtiesContextBeforeModesTestExecutionListener@345965f2, org.springframework.test.context.support.DependencyInjectionTestExecutionListener@429bd883, org.springframework.test.context.support.DirtiesContextTestExecutionListener@4d49af10, org.springframework.test.context.transaction.TransactionalTestExecutionListener@279ad2e3, org.springframework.test.context.jdbc.SqlScriptsTestExecutionListener@58134517, org.springframework.boot.test.mock.mockito.ResetMocksTestExecutionListener@4450d156, org.springframework.boot.test.mock.mockito.MockitoTestExecutionListener@4461c7e3]
 INFO 2017-10-04 11:49:56,387 org.springframework.beans.factory.xml.XmlBeanDefinitionReader - Loading XML bean definitions from class path resource [webapp/app-context.xml]
 INFO 2017-10-04 11:49:56,824 org.springframework.context.support.GenericApplicationContext - Refreshing org.springframework.context.support.GenericApplicationContext@780cb77: startup date [Wed Oct 04 11:49:56 EEST 2017]; root of context hierarchy
 INFO 2017-10-04 11:49:58,450 org.springframework.context.support.GenericApplicationContext - Closing org.springframework.context.support.GenericApplicationContext@780cb77: startup date [Wed Oct 04 11:49:56 EEST 2017]; root of context hierarchy
 INFO 2017-10-04 12:14:11,526 org.springframework.context.support.ClassPathXmlApplicationContext - Refreshing org.springframework.context.support.ClassPathXmlApplicationContext@29ca901e: startup date [Wed Oct 04 12:14:11 EEST 2017]; root of context hierarchy
 INFO 2017-10-04 12:14:11,615 org.springframework.beans.factory.xml.XmlBeanDefinitionReader - Loading XML bean definitions from class path resource [webapp/app-context.xml]
 INFO 2017-10-04 12:14:13,239 org.eclipse.jetty.util.log - Logging initialized @2657ms
 INFO 2017-10-04 12:14:13,597 com.mpsdevelopment.finance.JettyServer - Max content size will be changed from -1 to 500000000
 INFO 2017-10-04 12:14:13,707 org.eclipse.jetty.server.Server - jetty-9.3.13.v20161014
 INFO 2017-10-04 12:14:14,398                  / - Initializing Spring FrameworkServlet 'rest'
 INFO 2017-10-04 12:14:14,399 org.springframework.web.servlet.DispatcherServlet - FrameworkServlet 'rest': initialization started
 INFO 2017-10-04 12:14:14,406 org.springframework.web.context.support.XmlWebApplicationContext - Refreshing WebApplicationContext for namespace 'rest-servlet': startup date [Wed Oct 04 12:14:14 EEST 2017]; parent: org.springframework.context.support.ClassPathXmlApplicationContext@29ca901e
 INFO 2017-10-04 12:14:14,407 org.springframework.beans.factory.xml.XmlBeanDefinitionReader - Loading XML bean definitions from ServletContext resource [/server-context.xml]
 INFO 2017-10-04 12:14:14,569 org.springframework.beans.factory.support.DefaultListableBeanFactory - Overriding bean definition for bean 'csvParserController' with a different definition: replacing [Generic bean: class [com.mpsdevelopment.finance.controller.CsvParserController]; scope=singleton; abstract=false; lazyInit=false; autowireMode=0; dependencyCheck=0; autowireCandidate=true; primary=false; factoryBeanName=null; factoryMethodName=null; initMethodName=null; destroyMethodName=null; defined in file [D:\workspace\MPS\finance\finance-server\target\classes\com\mpsdevelopment\finance\controller\CsvParserController.class]] with [Generic bean: class [com.mpsdevelopment.finance.controller.CsvParserController]; scope=; abstract=false; lazyInit=false; autowireMode=0; dependencyCheck=0; autowireCandidate=true; primary=false; factoryBeanName=null; factoryMethodName=null; initMethodName=null; destroyMethodName=null; defined in ServletContext resource [/server-context.xml]]
 INFO 2017-10-04 12:14:14,620 org.springframework.beans.factory.support.DefaultListableBeanFactory - Overriding bean definition for bean 'mvcConfig' with a different definition: replacing [Generic bean: class [com.mpsdevelopment.finance.config.MvcConfig]; scope=singleton; abstract=false; lazyInit=false; autowireMode=0; dependencyCheck=0; autowireCandidate=true; primary=false; factoryBeanName=null; factoryMethodName=null; initMethodName=null; destroyMethodName=null; defined in file [D:\workspace\MPS\finance\finance-server\target\classes\com\mpsdevelopment\finance\config\MvcConfig.class]] with [Generic bean: class [com.mpsdevelopment.finance.config.MvcConfig]; scope=; abstract=false; lazyInit=false; autowireMode=0; dependencyCheck=0; autowireCandidate=true; primary=false; factoryBeanName=null; factoryMethodName=null; initMethodName=null; destroyMethodName=null; defined in ServletContext resource [/server-context.xml]]
 INFO 2017-10-04 12:14:15,966 org.springframework.web.servlet.mvc.method.annotation.RequestMappingHandlerMapping - Mapped "{[/csv-parser/bytes],methods=[POST],consumes=[multipart/form-data],produces=[multipart/form-data]}" onto public org.springframework.http.ResponseEntity<byte[]> com.mpsdevelopment.finance.controller.CsvParserController.parseBytes(byte[])
 INFO 2017-10-04 12:14:15,968 org.springframework.web.servlet.mvc.method.annotation.RequestMappingHandlerMapping - Mapped "{[/csv-parser/file],methods=[POST],consumes=[multipart/form-data],produces=[multipart/form-data]}" onto public org.springframework.http.ResponseEntity<java.io.File> com.mpsdevelopment.finance.controller.CsvParserController.parseFile(java.io.File)
 INFO 2017-10-04 12:14:15,969 org.springframework.web.servlet.mvc.method.annotation.RequestMappingHandlerMapping - Mapped "{[/csv-parser/string],methods=[POST],consumes=[text/plain],produces=[text/plain]}" onto public org.springframework.http.ResponseEntity<java.lang.String> com.mpsdevelopment.finance.controller.CsvParserController.parseString(java.lang.String)
 INFO 2017-10-04 12:14:15,970 org.springframework.web.servlet.mvc.method.annotation.RequestMappingHandlerMapping - Mapped "{[/csv-parser/stream],methods=[POST],consumes=[text/plain],produces=[multipart/form-data]}" onto public org.springframework.http.ResponseEntity<byte[]> com.mpsdevelopment.finance.controller.CsvParserController.parseStringToBytes(java.lang.String)
 INFO 2017-10-04 12:14:15,989 org.springframework.web.servlet.mvc.method.annotation.RequestMappingHandlerMapping - Mapped "{[/v2/api-docs],methods=[GET],produces=[application/json || application/hal+json]}" onto public org.springframework.http.ResponseEntity<springfox.documentation.spring.web.json.Json> springfox.documentation.swagger2.web.Swagger2Controller.getDocumentation(java.lang.String,javax.servlet.http.HttpServletRequest)
 INFO 2017-10-04 12:14:16,013 org.springframework.web.servlet.mvc.method.annotation.RequestMappingHandlerMapping - Mapped "{[/swagger-resources/configuration/security]}" onto org.springframework.http.ResponseEntity<springfox.documentation.swagger.web.SecurityConfiguration> springfox.documentation.swagger.web.ApiResourceController.securityConfiguration()
 INFO 2017-10-04 12:14:16,014 org.springframework.web.servlet.mvc.method.annotation.RequestMappingHandlerMapping - Mapped "{[/swagger-resources/configuration/ui]}" onto org.springframework.http.ResponseEntity<springfox.documentation.swagger.web.UiConfiguration> springfox.documentation.swagger.web.ApiResourceController.uiConfiguration()
 INFO 2017-10-04 12:14:16,016 org.springframework.web.servlet.mvc.method.annotation.RequestMappingHandlerMapping - Mapped "{[/swagger-resources]}" onto org.springframework.http.ResponseEntity<java.util.List<springfox.documentation.swagger.web.SwaggerResource>> springfox.documentation.swagger.web.ApiResourceController.swaggerResources()
 WARN 2017-10-04 12:14:16,182          SystemErr - ERROR StatusLogger Log4j2 could not find a logging implementation. Please add log4j-core to the classpath. Using SimpleLogger to log to the console...
 INFO 2017-10-04 12:14:16,960 org.springframework.web.servlet.mvc.method.annotation.RequestMappingHandlerAdapter - Looking for @ControllerAdvice: WebApplicationContext for namespace 'rest-servlet': startup date [Wed Oct 04 12:14:14 EEST 2017]; parent: org.springframework.context.support.ClassPathXmlApplicationContext@29ca901e
 INFO 2017-10-04 12:14:17,051 org.springframework.web.servlet.mvc.method.annotation.RequestMappingHandlerAdapter - Looking for @ControllerAdvice: WebApplicationContext for namespace 'rest-servlet': startup date [Wed Oct 04 12:14:14 EEST 2017]; parent: org.springframework.context.support.ClassPathXmlApplicationContext@29ca901e
 INFO 2017-10-04 12:14:17,166 org.springframework.scheduling.concurrent.ThreadPoolTaskExecutor - Initializing ExecutorService 
 INFO 2017-10-04 12:14:17,188 org.springframework.scheduling.concurrent.ThreadPoolTaskScheduler - Initializing ExecutorService  'scheduler'
 INFO 2017-10-04 12:14:17,881 com.mpsdevelopment.finance.config.SwaggerConfig - Swagger config
 INFO 2017-10-04 12:14:17,994 org.springframework.context.support.DefaultLifecycleProcessor - Starting beans in phase 2147483647
 INFO 2017-10-04 12:14:17,994 springfox.documentation.spring.web.plugins.DocumentationPluginsBootstrapper - Context refreshed
 INFO 2017-10-04 12:14:18,044 springfox.documentation.spring.web.plugins.DocumentationPluginsBootstrapper - Found 1 custom documentation plugin(s)
 INFO 2017-10-04 12:14:18,092 springfox.documentation.spring.web.scanners.ApiListingReferenceScanner - Scanning for api listing references
 INFO 2017-10-04 12:14:18,503 org.springframework.web.servlet.DispatcherServlet - FrameworkServlet 'rest': initialization completed in 4104 ms
 INFO 2017-10-04 12:14:18,504 org.eclipse.jetty.server.handler.ContextHandler - Started o.e.j.s.ServletContextHandler@58ba5b30{/,file:///D:/workspace/MPS/finance/finance-server/target/classes/webapp/,AVAILABLE}
 INFO 2017-10-04 12:14:18,563 org.eclipse.jetty.server.AbstractConnector - Started ServerConnector@1b956cfa{HTTP/1.1,[http/1.1]}{localhost:8099}
 INFO 2017-10-04 12:14:18,563 org.eclipse.jetty.server.Server - Started @7983ms
 INFO 2017-10-04 12:14:18,564 com.mpsdevelopment.finance.JettyServer - Server started
 INFO 2017-10-04 12:15:30,014 com.mpsdevelopment.finance.controller.CsvParserController - Response for string to bytes parsing to bytes recieved!
 INFO 2017-10-04 12:15:48,962 com.mpsdevelopment.finance.controller.CsvParserController - Response for string to bytes parsing to bytes recieved!
 INFO 2017-10-04 12:15:53,122 com.mpsdevelopment.finance.controller.CsvParserController - Response for string to bytes parsing to bytes recieved!
 INFO 2017-10-04 12:52:01,343 org.springframework.test.context.support.DefaultTestContextBootstrapper - Loaded default TestExecutionListener class names from location [META-INF/spring.factories]: [org.springframework.test.context.web.ServletTestExecutionListener, org.springframework.test.context.support.DirtiesContextBeforeModesTestExecutionListener, org.springframework.test.context.support.DependencyInjectionTestExecutionListener, org.springframework.test.context.support.DirtiesContextTestExecutionListener, org.springframework.test.context.transaction.TransactionalTestExecutionListener, org.springframework.test.context.jdbc.SqlScriptsTestExecutionListener, org.springframework.boot.test.mock.mockito.MockitoTestExecutionListener, org.springframework.boot.test.mock.mockito.ResetMocksTestExecutionListener]
 INFO 2017-10-04 12:52:01,378 org.springframework.test.context.support.DefaultTestContextBootstrapper - Using TestExecutionListeners: [org.springframework.test.context.web.ServletTestExecutionListener@6591f517, org.springframework.test.context.support.DirtiesContextBeforeModesTestExecutionListener@345965f2, org.springframework.test.context.support.DependencyInjectionTestExecutionListener@429bd883, org.springframework.test.context.support.DirtiesContextTestExecutionListener@4d49af10, org.springframework.test.context.transaction.TransactionalTestExecutionListener@279ad2e3, org.springframework.test.context.jdbc.SqlScriptsTestExecutionListener@58134517, org.springframework.boot.test.mock.mockito.ResetMocksTestExecutionListener@4450d156, org.springframework.boot.test.mock.mockito.MockitoTestExecutionListener@4461c7e3]
 INFO 2017-10-04 12:52:01,532 org.springframework.beans.factory.xml.XmlBeanDefinitionReader - Loading XML bean definitions from class path resource [webapp/app-context.xml]
 INFO 2017-10-04 12:52:01,922 org.springframework.context.support.GenericApplicationContext - Refreshing org.springframework.context.support.GenericApplicationContext@780cb77: startup date [Wed Oct 04 12:52:01 EEST 2017]; root of context hierarchy
 INFO 2017-10-04 12:52:03,568 org.springframework.context.support.GenericApplicationContext - Closing org.springframework.context.support.GenericApplicationContext@780cb77: startup date [Wed Oct 04 12:52:01 EEST 2017]; root of context hierarchy
 INFO 2017-10-04 12:52:24,625 org.springframework.test.context.support.DefaultTestContextBootstrapper - Loaded default TestExecutionListener class names from location [META-INF/spring.factories]: [org.springframework.test.context.web.ServletTestExecutionListener, org.springframework.test.context.support.DirtiesContextBeforeModesTestExecutionListener, org.springframework.test.context.support.DependencyInjectionTestExecutionListener, org.springframework.test.context.support.DirtiesContextTestExecutionListener, org.springframework.test.context.transaction.TransactionalTestExecutionListener, org.springframework.test.context.jdbc.SqlScriptsTestExecutionListener, org.springframework.boot.test.mock.mockito.MockitoTestExecutionListener, org.springframework.boot.test.mock.mockito.ResetMocksTestExecutionListener]
 INFO 2017-10-04 12:52:24,653 org.springframework.test.context.support.DefaultTestContextBootstrapper - Using TestExecutionListeners: [org.springframework.test.context.web.ServletTestExecutionListener@6591f517, org.springframework.test.context.support.DirtiesContextBeforeModesTestExecutionListener@345965f2, org.springframework.test.context.support.DependencyInjectionTestExecutionListener@429bd883, org.springframework.test.context.support.DirtiesContextTestExecutionListener@4d49af10, org.springframework.test.context.transaction.TransactionalTestExecutionListener@279ad2e3, org.springframework.test.context.jdbc.SqlScriptsTestExecutionListener@58134517, org.springframework.boot.test.mock.mockito.ResetMocksTestExecutionListener@4450d156, org.springframework.boot.test.mock.mockito.MockitoTestExecutionListener@4461c7e3]
 INFO 2017-10-04 12:52:24,820 org.springframework.beans.factory.xml.XmlBeanDefinitionReader - Loading XML bean definitions from class path resource [webapp/app-context.xml]
 INFO 2017-10-04 12:52:25,200 org.springframework.context.support.GenericApplicationContext - Refreshing org.springframework.context.support.GenericApplicationContext@780cb77: startup date [Wed Oct 04 12:52:25 EEST 2017]; root of context hierarchy
 INFO 2017-10-04 12:52:26,704 org.springframework.context.support.GenericApplicationContext - Closing org.springframework.context.support.GenericApplicationContext@780cb77: startup date [Wed Oct 04 12:52:25 EEST 2017]; root of context hierarchy
 INFO 2017-10-04 13:47:08,080 org.springframework.test.context.support.DefaultTestContextBootstrapper - Loaded default TestExecutionListener class names from location [META-INF/spring.factories]: [org.springframework.test.context.web.ServletTestExecutionListener, org.springframework.test.context.support.DirtiesContextBeforeModesTestExecutionListener, org.springframework.test.context.support.DependencyInjectionTestExecutionListener, org.springframework.test.context.support.DirtiesContextTestExecutionListener, org.springframework.test.context.transaction.TransactionalTestExecutionListener, org.springframework.test.context.jdbc.SqlScriptsTestExecutionListener, org.springframework.boot.test.mock.mockito.MockitoTestExecutionListener, org.springframework.boot.test.mock.mockito.ResetMocksTestExecutionListener]
 INFO 2017-10-04 13:47:08,107 org.springframework.test.context.support.DefaultTestContextBootstrapper - Using TestExecutionListeners: [org.springframework.test.context.web.ServletTestExecutionListener@6591f517, org.springframework.test.context.support.DirtiesContextBeforeModesTestExecutionListener@345965f2, org.springframework.test.context.support.DependencyInjectionTestExecutionListener@429bd883, org.springframework.test.context.support.DirtiesContextTestExecutionListener@4d49af10, org.springframework.test.context.transaction.TransactionalTestExecutionListener@279ad2e3, org.springframework.test.context.jdbc.SqlScriptsTestExecutionListener@58134517, org.springframework.boot.test.mock.mockito.ResetMocksTestExecutionListener@4450d156, org.springframework.boot.test.mock.mockito.MockitoTestExecutionListener@4461c7e3]
 INFO 2017-10-04 13:47:08,226 org.springframework.beans.factory.xml.XmlBeanDefinitionReader - Loading XML bean definitions from class path resource [webapp/app-context.xml]
 INFO 2017-10-04 13:47:08,643 org.springframework.context.support.GenericApplicationContext - Refreshing org.springframework.context.support.GenericApplicationContext@780cb77: startup date [Wed Oct 04 13:47:08 EEST 2017]; root of context hierarchy
 INFO 2017-10-04 13:47:10,031 org.springframework.context.support.GenericApplicationContext - Closing org.springframework.context.support.GenericApplicationContext@780cb77: startup date [Wed Oct 04 13:47:08 EEST 2017]; root of context hierarchy
 INFO 2017-10-04 13:51:34,929 org.springframework.test.context.support.DefaultTestContextBootstrapper - Loaded default TestExecutionListener class names from location [META-INF/spring.factories]: [org.springframework.test.context.web.ServletTestExecutionListener, org.springframework.test.context.support.DirtiesContextBeforeModesTestExecutionListener, org.springframework.test.context.support.DependencyInjectionTestExecutionListener, org.springframework.test.context.support.DirtiesContextTestExecutionListener, org.springframework.test.context.transaction.TransactionalTestExecutionListener, org.springframework.test.context.jdbc.SqlScriptsTestExecutionListener, org.springframework.boot.test.mock.mockito.MockitoTestExecutionListener, org.springframework.boot.test.mock.mockito.ResetMocksTestExecutionListener]
 INFO 2017-10-04 13:51:34,958 org.springframework.test.context.support.DefaultTestContextBootstrapper - Using TestExecutionListeners: [org.springframework.test.context.web.ServletTestExecutionListener@6591f517, org.springframework.test.context.support.DirtiesContextBeforeModesTestExecutionListener@345965f2, org.springframework.test.context.support.DependencyInjectionTestExecutionListener@429bd883, org.springframework.test.context.support.DirtiesContextTestExecutionListener@4d49af10, org.springframework.test.context.transaction.TransactionalTestExecutionListener@279ad2e3, org.springframework.test.context.jdbc.SqlScriptsTestExecutionListener@58134517, org.springframework.boot.test.mock.mockito.ResetMocksTestExecutionListener@4450d156, org.springframework.boot.test.mock.mockito.MockitoTestExecutionListener@4461c7e3]
 INFO 2017-10-04 13:51:35,114 org.springframework.beans.factory.xml.XmlBeanDefinitionReader - Loading XML bean definitions from class path resource [webapp/app-context.xml]
 INFO 2017-10-04 13:51:35,515 org.springframework.context.support.GenericApplicationContext - Refreshing org.springframework.context.support.GenericApplicationContext@780cb77: startup date [Wed Oct 04 13:51:35 EEST 2017]; root of context hierarchy
 INFO 2017-10-04 13:51:36,940 org.springframework.context.support.GenericApplicationContext - Closing org.springframework.context.support.GenericApplicationContext@780cb77: startup date [Wed Oct 04 13:51:35 EEST 2017]; root of context hierarchy
 INFO 2017-10-04 13:53:17,632 org.springframework.test.context.support.DefaultTestContextBootstrapper - Loaded default TestExecutionListener class names from location [META-INF/spring.factories]: [org.springframework.test.context.web.ServletTestExecutionListener, org.springframework.test.context.support.DirtiesContextBeforeModesTestExecutionListener, org.springframework.test.context.support.DependencyInjectionTestExecutionListener, org.springframework.test.context.support.DirtiesContextTestExecutionListener, org.springframework.test.context.transaction.TransactionalTestExecutionListener, org.springframework.test.context.jdbc.SqlScriptsTestExecutionListener, org.springframework.boot.test.mock.mockito.MockitoTestExecutionListener, org.springframework.boot.test.mock.mockito.ResetMocksTestExecutionListener]
 INFO 2017-10-04 13:53:17,659 org.springframework.test.context.support.DefaultTestContextBootstrapper - Using TestExecutionListeners: [org.springframework.test.context.web.ServletTestExecutionListener@6591f517, org.springframework.test.context.support.DirtiesContextBeforeModesTestExecutionListener@345965f2, org.springframework.test.context.support.DependencyInjectionTestExecutionListener@429bd883, org.springframework.test.context.support.DirtiesContextTestExecutionListener@4d49af10, org.springframework.test.context.transaction.TransactionalTestExecutionListener@279ad2e3, org.springframework.test.context.jdbc.SqlScriptsTestExecutionListener@58134517, org.springframework.boot.test.mock.mockito.ResetMocksTestExecutionListener@4450d156, org.springframework.boot.test.mock.mockito.MockitoTestExecutionListener@4461c7e3]
 INFO 2017-10-04 13:53:17,793 org.springframework.beans.factory.xml.XmlBeanDefinitionReader - Loading XML bean definitions from class path resource [webapp/app-context.xml]
 INFO 2017-10-04 13:53:18,183 org.springframework.context.support.GenericApplicationContext - Refreshing org.springframework.context.support.GenericApplicationContext@780cb77: startup date [Wed Oct 04 13:53:18 EEST 2017]; root of context hierarchy
 INFO 2017-10-04 13:53:19,667 org.springframework.context.support.GenericApplicationContext - Closing org.springframework.context.support.GenericApplicationContext@780cb77: startup date [Wed Oct 04 13:53:18 EEST 2017]; root of context hierarchy
 INFO 2017-10-04 19:53:58,673 org.springframework.test.context.support.DefaultTestContextBootstrapper - Loaded default TestExecutionListener class names from location [META-INF/spring.factories]: [org.springframework.test.context.web.ServletTestExecutionListener, org.springframework.test.context.support.DirtiesContextBeforeModesTestExecutionListener, org.springframework.test.context.support.DependencyInjectionTestExecutionListener, org.springframework.test.context.support.DirtiesContextTestExecutionListener, org.springframework.test.context.transaction.TransactionalTestExecutionListener, org.springframework.test.context.jdbc.SqlScriptsTestExecutionListener, org.springframework.boot.test.mock.mockito.MockitoTestExecutionListener, org.springframework.boot.test.mock.mockito.ResetMocksTestExecutionListener]
 INFO 2017-10-04 19:53:58,745 org.springframework.test.context.support.DefaultTestContextBootstrapper - Using TestExecutionListeners: [org.springframework.test.context.web.ServletTestExecutionListener@71c8becc, org.springframework.test.context.support.DirtiesContextBeforeModesTestExecutionListener@19d37183, org.springframework.test.context.support.DependencyInjectionTestExecutionListener@1a0dcaa, org.springframework.test.context.support.DirtiesContextTestExecutionListener@3bd40a57, org.springframework.test.context.transaction.TransactionalTestExecutionListener@fdefd3f, org.springframework.test.context.jdbc.SqlScriptsTestExecutionListener@d83da2e, org.springframework.boot.test.mock.mockito.MockitoTestExecutionListener@a4102b8, org.springframework.boot.test.mock.mockito.ResetMocksTestExecutionListener@11dc3715]
 INFO 2017-10-04 19:53:58,776 org.springframework.test.context.support.DefaultTestContextBootstrapper - Loaded default TestExecutionListener class names from location [META-INF/spring.factories]: [org.springframework.test.context.web.ServletTestExecutionListener, org.springframework.test.context.support.DirtiesContextBeforeModesTestExecutionListener, org.springframework.test.context.support.DependencyInjectionTestExecutionListener, org.springframework.test.context.support.DirtiesContextTestExecutionListener, org.springframework.test.context.transaction.TransactionalTestExecutionListener, org.springframework.test.context.jdbc.SqlScriptsTestExecutionListener, org.springframework.boot.test.mock.mockito.MockitoTestExecutionListener, org.springframework.boot.test.mock.mockito.ResetMocksTestExecutionListener]
 INFO 2017-10-04 19:53:58,779 org.springframework.test.context.support.DefaultTestContextBootstrapper - Using TestExecutionListeners: [org.springframework.test.context.web.ServletTestExecutionListener@7f1302d6, org.springframework.test.context.support.DirtiesContextBeforeModesTestExecutionListener@43ee72e6, org.springframework.test.context.support.DependencyInjectionTestExecutionListener@23529fee, org.springframework.test.context.support.DirtiesContextTestExecutionListener@4fe767f3, org.springframework.test.context.transaction.TransactionalTestExecutionListener@2805c96b, org.springframework.test.context.jdbc.SqlScriptsTestExecutionListener@184cf7cf, org.springframework.boot.test.mock.mockito.MockitoTestExecutionListener@2fd6b6c7, org.springframework.boot.test.mock.mockito.ResetMocksTestExecutionListener@5bfa9431]
 INFO 2017-10-04 19:53:58,940 org.springframework.beans.factory.xml.XmlBeanDefinitionReader - Loading XML bean definitions from class path resource [webapp/app-context.xml]
 INFO 2017-10-04 19:53:59,453 org.springframework.context.support.GenericApplicationContext - Refreshing org.springframework.context.support.GenericApplicationContext@1677d1: startup date [Wed Oct 04 19:53:59 EEST 2017]; root of context hierarchy
 INFO 2017-10-04 19:54:01,290 org.springframework.context.support.GenericApplicationContext - Closing org.springframework.context.support.GenericApplicationContext@1677d1: startup date [Wed Oct 04 19:53:59 EEST 2017]; root of context hierarchy
